[2022-01-19 12:28:04,171] WARNING django.request: Unauthorized: /api/v1/users/self
[2022-01-19 12:28:04,183] WARNING django.server: "GET /api/v1/users/self HTTP/1.1" 401 58
[2022-01-19 12:28:04,617] WARNING django.request: Unauthorized: /api/v1/auth/password/change
[2022-01-19 12:28:04,623] WARNING django.server: "OPTIONS /api/v1/auth/password/change HTTP/1.1" 401 58
[2022-01-19 12:28:04,815] INFO django.server: "OPTIONS /api/v1/auth/password/reset HTTP/1.1" 200 400
[2022-01-19 12:28:04,826] INFO django.server: "GET /api/v1/restrictions/user-agreements HTTP/1.1" 200 2
[2022-01-19 12:28:07,232] WARNING django.request: Not Found: /auth/login
[2022-01-19 12:28:07,235] WARNING django.server: "GET /auth/login HTTP/1.1" 404 3478
[2022-01-19 12:28:07,394] WARNING django.request: Not Found: /favicon.ico
[2022-01-19 12:28:07,399] WARNING django.server: "GET /favicon.ico HTTP/1.1" 404 3481
[2022-01-19 12:28:13,860] INFO django.server: "GET / HTTP/1.1" 301 0
[2022-01-19 12:28:15,253] WARNING django.request: Unauthorized: /api/v1/users/self
[2022-01-19 12:28:15,254] WARNING django.server: "GET /api/v1/users/self HTTP/1.1" 401 58
[2022-01-19 12:28:15,433] WARNING django.request: Unauthorized: /api/v1/auth/password/change
[2022-01-19 12:28:15,449] WARNING django.server: "OPTIONS /api/v1/auth/password/change HTTP/1.1" 401 58
[2022-01-19 12:28:15,595] INFO django.server: "OPTIONS /api/v1/auth/password/reset HTTP/1.1" 200 400
[2022-01-19 12:28:15,613] INFO django.server: "GET /api/v1/restrictions/user-agreements HTTP/1.1" 200 2
[2022-01-19 12:28:20,837] INFO django.server: "POST /api/v1/auth/login HTTP/1.1" 200 50
[2022-01-19 12:28:21,919] INFO django.server: "GET /api/v1/users/self HTTP/1.1" 200 284
[2022-01-19 12:28:22,147] INFO django.server: "GET /api/v1/server/annotation/formats HTTP/1.1" 200 3767
[2022-01-19 12:28:22,183] INFO django.server: "GET /api/v1/server/about HTTP/1.1" 200 447
[2022-01-19 12:28:22,184] INFO django.server: "GET /api/v1/server/plugins HTTP/1.1" 200 72
[2022-01-19 12:28:22,320] ERROR django.request: Service Unavailable: /api/v1/lambda/functions
[2022-01-19 12:28:22,324] ERROR django.server: "GET /api/v1/lambda/functions HTTP/1.1" 503 258
[2022-01-19 12:28:22,806] INFO django.server: "GET /api/v1/tasks?page_size=10&page=1 HTTP/1.1" 200 52
[2022-01-19 12:28:22,854] INFO django.server: "GET /api/v1/lambda/requests HTTP/1.1" 200 2
[2022-01-19 13:16:36,680] INFO django.server: "POST /api/v1/auth/login HTTP/1.1" 200 50
[2022-01-19 13:16:37,771] INFO django.server: "GET /api/v1/users/self HTTP/1.1" 200 284
[2022-01-19 13:16:37,922] INFO django.server: "GET /api/v1/server/plugins HTTP/1.1" 200 72
[2022-01-19 13:16:38,003] INFO django.server: "GET /api/v1/server/about HTTP/1.1" 200 447
[2022-01-19 13:16:38,083] INFO django.server: "GET /api/v1/server/annotation/formats HTTP/1.1" 200 3767
[2022-01-19 13:16:38,171] ERROR django.request: Service Unavailable: /api/v1/lambda/functions
[2022-01-19 13:16:38,178] ERROR django.server: "GET /api/v1/lambda/functions HTTP/1.1" 503 258
[2022-01-19 13:16:38,520] INFO django.server: "GET /api/v1/tasks?page_size=10&page=1 HTTP/1.1" 200 52
[2022-01-19 13:16:38,591] INFO django.server: "GET /api/v1/lambda/requests HTTP/1.1" 200 2
[2022-01-19 13:17:16,167] INFO django.server: "GET /api/v1/users/self HTTP/1.1" 200 284
[2022-01-19 13:17:16,228] INFO django.server: "GET /api/v1/users/self HTTP/1.1" 200 284
[2022-01-19 13:17:16,374] INFO django.server: "GET /api/v1/server/plugins HTTP/1.1" 200 72
[2022-01-19 13:17:16,381] INFO django.server: "GET /api/v1/server/annotation/formats HTTP/1.1" 200 3767
[2022-01-19 13:17:16,390] INFO django.server: "OPTIONS /api/v1/auth/password/change HTTP/1.1" 200 672
[2022-01-19 13:17:16,401] INFO django.server: "OPTIONS /api/v1/auth/password/reset HTTP/1.1" 200 400
[2022-01-19 13:17:16,411] INFO django.server: "GET /api/v1/server/about HTTP/1.1" 200 447
[2022-01-19 13:17:16,471] ERROR django.request: Service Unavailable: /api/v1/lambda/functions
[2022-01-19 13:17:16,472] ERROR django.server: "GET /api/v1/lambda/functions HTTP/1.1" 503 258
[2022-01-19 13:17:16,541] INFO django.server: "GET /api/v1/restrictions/user-agreements HTTP/1.1" 200 2
[2022-01-19 13:17:16,667] INFO django.server: "GET /api/v1/tasks?page_size=10&page=1 HTTP/1.1" 200 52
[2022-01-19 13:17:16,713] INFO django.server: "GET /api/v1/lambda/requests HTTP/1.1" 200 2
[2022-01-27 11:49:53,075] INFO django.server: "POST /api/v1/auth/login HTTP/1.1" 200 50
[2022-01-27 11:49:53,688] INFO django.server: "GET /api/v1/users/self HTTP/1.1" 200 284
[2022-01-27 11:49:53,858] INFO django.server: "GET /api/v1/server/plugins HTTP/1.1" 200 72
[2022-01-27 11:49:53,859] INFO django.server: "GET /api/v1/server/about HTTP/1.1" 200 447
[2022-01-27 11:49:53,969] INFO django.server: "GET /api/v1/server/annotation/formats HTTP/1.1" 200 3767
[2022-01-27 11:49:54,064] ERROR django.request: Service Unavailable: /api/v1/lambda/functions
[2022-01-27 11:49:54,066] ERROR django.server: "GET /api/v1/lambda/functions HTTP/1.1" 503 258
[2022-01-27 11:49:54,485] INFO django.server: "GET /api/v1/tasks?page_size=10&page=1 HTTP/1.1" 200 52
[2022-01-27 11:49:54,599] INFO django.server: "GET /api/v1/lambda/requests HTTP/1.1" 200 2
[2022-01-27 11:51:06,814] INFO django.server: "GET /api/v1/server/share?directory=%2F HTTP/1.1" 200 2
[2022-01-27 12:16:33,650] INFO django.server: "GET /api/v1/users/self HTTP/1.1" 200 284
[2022-01-27 12:16:33,706] INFO django.server: "GET /api/v1/users/self HTTP/1.1" 200 284
[2022-01-27 12:16:33,870] INFO django.server: "GET /api/v1/server/annotation/formats HTTP/1.1" 200 3767
[2022-01-27 12:16:33,882] INFO django.server: "GET /api/v1/server/about HTTP/1.1" 200 447
[2022-01-27 12:16:33,884] INFO django.server: "GET /api/v1/server/plugins HTTP/1.1" 200 72
[2022-01-27 12:16:33,885] INFO django.server: "OPTIONS /api/v1/auth/password/change HTTP/1.1" 200 672
[2022-01-27 12:16:33,896] INFO django.server: "OPTIONS /api/v1/auth/password/reset HTTP/1.1" 200 400
[2022-01-27 12:16:33,967] ERROR django.request: Service Unavailable: /api/v1/lambda/functions
[2022-01-27 12:16:33,969] ERROR django.server: "GET /api/v1/lambda/functions HTTP/1.1" 503 258
[2022-01-27 12:16:34,036] INFO django.server: "GET /api/v1/restrictions/user-agreements HTTP/1.1" 200 2
[2022-01-27 12:16:34,225] INFO django.server: "GET /api/v1/server/share?directory=%2F HTTP/1.1" 200 2
[2022-01-27 12:59:20,411] INFO django.server: "GET /api/v1/users/self HTTP/1.1" 200 284
[2022-01-27 12:59:20,734] INFO django.server: "GET /api/v1/users/self HTTP/1.1" 200 284
[2022-01-27 12:59:20,904] INFO django.server: "OPTIONS /api/v1/auth/password/change HTTP/1.1" 200 672
[2022-01-27 12:59:20,921] INFO django.server: "OPTIONS /api/v1/auth/password/reset HTTP/1.1" 200 400
[2022-01-27 12:59:20,960] INFO django.server: "GET /api/v1/server/about HTTP/1.1" 200 447
[2022-01-27 12:59:20,963] INFO django.server: "GET /api/v1/server/plugins HTTP/1.1" 200 72
[2022-01-27 12:59:20,985] INFO django.server: "GET /api/v1/server/annotation/formats HTTP/1.1" 200 3767
[2022-01-27 12:59:21,039] ERROR django.request: Service Unavailable: /api/v1/lambda/functions
[2022-01-27 12:59:21,043] ERROR django.server: "GET /api/v1/lambda/functions HTTP/1.1" 503 258
[2022-01-27 12:59:21,106] INFO django.server: "GET /api/v1/restrictions/user-agreements HTTP/1.1" 200 2
[2022-01-27 12:59:21,327] INFO django.server: "GET /api/v1/server/share?directory=%2F HTTP/1.1" 200 2
[2022-01-27 13:02:45,361] INFO django.server: "GET /api/v1/tasks?page_size=10&page=1 HTTP/1.1" 200 52
[2022-01-27 13:02:45,414] INFO django.server: "GET /api/v1/lambda/requests HTTP/1.1" 200 2
[2022-01-27 13:02:47,730] INFO django.server: "GET /api/v1/server/share?directory=%2F HTTP/1.1" 200 2
[2022-01-27 13:04:07,120] INFO django.server: "POST /api/v1/tasks HTTP/1.1" 201 499
[2022-01-27 13:04:07,485] INFO django.server: "POST /api/v1/tasks/1/data HTTP/1.1" 202 347
[2022-01-27 13:04:07,562] INFO cvat.server: create task #1
[2022-01-27 13:04:07,830] INFO cvat.server: Found frames 1 for Data #1
[2022-01-27 13:04:07,832] INFO cvat.server: New segment for task #1: start_frame = 0,             stop_frame = 0
[2022-01-27 13:04:08,608] INFO django.server: "GET /api/v1/tasks/1/status HTTP/1.1" 200 33
[2022-01-27 13:04:08,759] INFO django.server: "GET /api/v1/tasks?page_size=10&?id=undefined HTTP/1.1" 200 842
[2022-01-27 13:04:11,700] INFO django.server: "GET /api/v1/tasks?page_size=10&id=1&page=1 HTTP/1.1" 200 842
[2022-01-27 13:04:11,823] INFO django.server: "GET /api/v1/lambda/requests HTTP/1.1" 200 2
[2022-01-27 13:04:11,933] INFO django.server: "GET /api/v1/tasks/1/data?type=preview HTTP/1.1" 200 2499
[2022-01-27 13:04:12,275] INFO cvat.server.task_1: get repository request
[2022-01-27 13:04:12,316] INFO django.server: "GET /api/v1/users?limit=10&is_active=true HTTP/1.1" 200 336
[2022-01-27 13:04:12,320] INFO django.server: "GET /git/repository/get/1 HTTP/1.1" 200 94
[2022-01-27 13:04:12,411] INFO django.server: "GET /api/v1/users?limit=10&is_active=true HTTP/1.1" 200 336
[2022-01-27 13:04:12,497] INFO django.server: "GET /api/v1/users?limit=10&is_active=true HTTP/1.1" 200 336
[2022-01-27 13:04:16,250] INFO django.server: "POST /api/v1/server/logs HTTP/1.1" 201 137
[2022-01-27 13:04:16,291] INFO django.server: "GET /api/v1/tasks/1/data/meta HTTP/1.1" 200 190
[2022-01-27 13:04:16,488] INFO django.server: "GET /api/v1/tasks/1/data?type=chunk&number=0&quality=compressed HTTP/1.1" 200 13932
[2022-01-27 13:04:16,690] INFO django.server: "GET /api/v1/jobs/1/annotations HTTP/1.1" 200 47
[2022-01-27 13:04:16,725] INFO django.server: "GET /api/v1/jobs/1/issues HTTP/1.1" 200 2
[2022-01-27 13:04:16,759] INFO django.server: "GET /api/v1/jobs/1/reviews HTTP/1.1" 200 2
[2022-01-27 13:09:37,573] INFO django.server: "GET /api/v1/users/self HTTP/1.1" 200 284
[2022-01-27 13:09:37,853] INFO django.server: "GET /api/v1/users/self HTTP/1.1" 200 284
[2022-01-27 13:09:37,973] INFO django.server: "OPTIONS /api/v1/auth/password/reset HTTP/1.1" 200 400
[2022-01-27 13:09:38,020] INFO django.server: "OPTIONS /api/v1/auth/password/change HTTP/1.1" 200 672
[2022-01-27 13:09:38,022] INFO django.server: "GET /api/v1/server/annotation/formats HTTP/1.1" 200 3767
[2022-01-27 13:09:38,039] INFO django.server: "GET /api/v1/server/about HTTP/1.1" 200 447
[2022-01-27 13:09:38,044] INFO django.server: "GET /api/v1/server/plugins HTTP/1.1" 200 72
[2022-01-27 13:09:38,144] ERROR django.request: Service Unavailable: /api/v1/lambda/functions
[2022-01-27 13:09:38,148] ERROR django.server: "GET /api/v1/lambda/functions HTTP/1.1" 503 258
[2022-01-27 13:09:38,198] INFO django.server: "GET /api/v1/restrictions/user-agreements HTTP/1.1" 200 2
[2022-01-27 13:09:38,322] INFO django.server: "POST /api/v1/server/logs HTTP/1.1" 201 133
[2022-01-27 13:09:38,445] INFO django.server: "GET /api/v1/tasks?page_size=10&id=1 HTTP/1.1" 200 842
[2022-01-27 13:09:38,624] INFO django.server: "GET /api/v1/tasks/1/data/meta HTTP/1.1" 200 190
[2022-01-27 13:09:38,789] INFO django.server: "GET /api/v1/tasks/1/data?type=chunk&number=0&quality=compressed HTTP/1.1" 200 13932
[2022-01-27 13:09:38,933] INFO django.server: "GET /api/v1/jobs/1/annotations HTTP/1.1" 200 47
[2022-01-27 13:09:38,976] INFO django.server: "GET /api/v1/jobs/1/issues HTTP/1.1" 200 2
[2022-01-27 13:09:39,012] INFO django.server: "GET /api/v1/jobs/1/reviews HTTP/1.1" 200 2
[2022-01-27 13:09:58,111] INFO django.server: "GET /api/v1/users/self HTTP/1.1" 200 284
[2022-01-27 13:09:58,416] INFO django.server: "GET /api/v1/users/self HTTP/1.1" 200 284
[2022-01-27 13:09:58,574] INFO django.server: "OPTIONS /api/v1/auth/password/change HTTP/1.1" 200 672
[2022-01-27 13:09:58,644] INFO django.server: "GET /api/v1/server/about HTTP/1.1" 200 447
[2022-01-27 13:09:58,646] INFO django.server: "OPTIONS /api/v1/auth/password/reset HTTP/1.1" 200 400
[2022-01-27 13:09:58,648] INFO django.server: "GET /api/v1/server/annotation/formats HTTP/1.1" 200 3767
[2022-01-27 13:09:58,656] INFO django.server: "GET /api/v1/server/plugins HTTP/1.1" 200 72
[2022-01-27 13:09:58,761] ERROR django.request: Service Unavailable: /api/v1/lambda/functions
[2022-01-27 13:09:58,763] ERROR django.server: "GET /api/v1/lambda/functions HTTP/1.1" 503 258
[2022-01-27 13:09:58,817] INFO django.server: "GET /api/v1/restrictions/user-agreements HTTP/1.1" 200 2
[2022-01-27 13:09:58,914] INFO django.server: "POST /api/v1/server/logs HTTP/1.1" 201 133
[2022-01-27 13:09:59,097] INFO django.server: "GET /api/v1/tasks?page_size=10&id=1 HTTP/1.1" 200 842
[2022-01-27 13:09:59,181] INFO django.server: "GET /api/v1/tasks/1/data/meta HTTP/1.1" 200 190
[2022-01-27 13:09:59,270] INFO django.server: "GET /api/v1/tasks/1/data?type=chunk&number=0&quality=compressed HTTP/1.1" 200 13932
[2022-01-27 13:09:59,392] INFO django.server: "GET /api/v1/jobs/1/annotations HTTP/1.1" 200 47
[2022-01-27 13:09:59,442] INFO django.server: "GET /api/v1/jobs/1/issues HTTP/1.1" 200 2
[2022-01-27 13:09:59,508] INFO django.server: "GET /api/v1/jobs/1/reviews HTTP/1.1" 200 2
[2022-01-27 13:10:41,798] INFO django.server: "GET /api/v1/users/self HTTP/1.1" 200 284
[2022-01-27 13:10:41,901] INFO django.server: "GET /api/v1/users/self HTTP/1.1" 200 284
[2022-01-27 13:10:42,032] INFO django.server: "OPTIONS /api/v1/auth/password/change HTTP/1.1" 200 672
[2022-01-27 13:10:42,093] INFO django.server: "GET /api/v1/server/about HTTP/1.1" 200 447
[2022-01-27 13:10:42,099] INFO django.server: "GET /api/v1/server/annotation/formats HTTP/1.1" 200 3767
[2022-01-27 13:10:42,103] INFO django.server: "OPTIONS /api/v1/auth/password/reset HTTP/1.1" 200 400
[2022-01-27 13:10:42,110] INFO django.server: "GET /api/v1/server/plugins HTTP/1.1" 200 72
[2022-01-27 13:10:42,216] ERROR django.request: Service Unavailable: /api/v1/lambda/functions
[2022-01-27 13:10:42,218] ERROR django.server: "GET /api/v1/lambda/functions HTTP/1.1" 503 258
[2022-01-27 13:10:42,257] INFO django.server: "GET /api/v1/restrictions/user-agreements HTTP/1.1" 200 2
[2022-01-27 13:10:42,376] INFO django.server: "POST /api/v1/server/logs HTTP/1.1" 201 132
[2022-01-27 13:10:42,500] INFO django.server: "GET /api/v1/tasks?page_size=10&id=1 HTTP/1.1" 200 842
[2022-01-27 13:10:42,557] INFO django.server: "GET /api/v1/tasks/1/data/meta HTTP/1.1" 200 190
[2022-01-27 13:10:42,650] INFO django.server: "GET /api/v1/tasks/1/data?type=chunk&number=0&quality=compressed HTTP/1.1" 200 13932
[2022-01-27 13:10:42,792] INFO django.server: "GET /api/v1/jobs/1/annotations HTTP/1.1" 200 47
[2022-01-27 13:10:42,843] INFO django.server: "GET /api/v1/jobs/1/issues HTTP/1.1" 200 2
[2022-01-27 13:10:42,888] INFO django.server: "GET /api/v1/jobs/1/reviews HTTP/1.1" 200 2
[2022-01-27 13:14:10,500] INFO django.server: "POST /api/v1/auth/login HTTP/1.1" 200 50
[2022-01-27 13:14:11,110] INFO django.server: "GET /api/v1/users/self HTTP/1.1" 200 284
[2022-01-27 13:14:11,253] INFO django.server: "GET /api/v1/server/about HTTP/1.1" 200 447
[2022-01-27 13:14:11,260] INFO django.server: "GET /api/v1/server/annotation/formats HTTP/1.1" 200 3767
[2022-01-27 13:14:11,262] INFO django.server: "GET /api/v1/server/plugins HTTP/1.1" 200 72
[2022-01-27 13:14:11,411] ERROR django.request: Service Unavailable: /api/v1/lambda/functions
[2022-01-27 13:14:11,414] ERROR django.server: "GET /api/v1/lambda/functions HTTP/1.1" 503 258
[2022-01-27 13:14:11,791] INFO django.server: "POST /api/v1/server/logs HTTP/1.1" 201 137
[2022-01-27 13:14:12,045] INFO django.server: "GET /api/v1/tasks?page_size=10&id=1 HTTP/1.1" 200 842
[2022-01-27 13:14:12,128] INFO django.server: "GET /api/v1/tasks/1/data/meta HTTP/1.1" 200 190
[2022-01-27 13:14:12,217] INFO django.server: "GET /api/v1/tasks/1/data?type=chunk&number=0&quality=compressed HTTP/1.1" 200 13932
[2022-01-27 13:14:12,400] INFO django.server: "GET /api/v1/jobs/1/annotations HTTP/1.1" 200 47
[2022-01-27 13:14:12,449] INFO django.server: "GET /api/v1/jobs/1/issues HTTP/1.1" 200 2
[2022-01-27 13:14:12,492] INFO django.server: "GET /api/v1/jobs/1/reviews HTTP/1.1" 200 2
[2022-01-27 13:16:39,534] INFO django.server: "GET /api/v1/users/self HTTP/1.1" 200 284
[2022-01-27 13:16:39,834] INFO django.server: "GET /api/v1/users/self HTTP/1.1" 200 284
[2022-01-27 13:16:40,185] INFO django.server: "OPTIONS /api/v1/auth/password/change HTTP/1.1" 200 672
[2022-01-27 13:16:40,195] INFO django.server: "GET /api/v1/server/about HTTP/1.1" 200 447
[2022-01-27 13:16:40,197] INFO django.server: "GET /api/v1/server/plugins HTTP/1.1" 200 72
[2022-01-27 13:16:40,202] INFO django.server: "OPTIONS /api/v1/auth/password/reset HTTP/1.1" 200 400
[2022-01-27 13:16:40,285] INFO django.server: "GET /api/v1/server/annotation/formats HTTP/1.1" 200 3767
[2022-01-27 13:16:40,308] ERROR django.request: Service Unavailable: /api/v1/lambda/functions
[2022-01-27 13:16:40,310] ERROR django.server: "GET /api/v1/lambda/functions HTTP/1.1" 503 258
[2022-01-27 13:16:40,460] INFO django.server: "POST /api/v1/server/logs HTTP/1.1" 201 133
[2022-01-27 13:16:40,590] INFO django.server: "GET /api/v1/tasks?page_size=10&id=1 HTTP/1.1" 200 842
[2022-01-27 13:16:40,653] INFO django.server: "GET /api/v1/tasks/1/data/meta HTTP/1.1" 200 190
[2022-01-27 13:16:40,667] INFO django.server: "GET /api/v1/restrictions/user-agreements HTTP/1.1" 200 2
[2022-01-27 13:16:40,744] INFO django.server: "GET /api/v1/tasks/1/data?type=chunk&number=0&quality=compressed HTTP/1.1" 200 13932
[2022-01-27 13:16:40,871] INFO django.server: "GET /api/v1/jobs/1/annotations HTTP/1.1" 200 47
[2022-01-27 13:16:40,903] INFO django.server: "GET /api/v1/jobs/1/issues HTTP/1.1" 200 2
[2022-01-27 13:16:40,938] INFO django.server: "GET /api/v1/jobs/1/reviews HTTP/1.1" 200 2
[2022-01-27 13:16:54,685] INFO django.server: "GET /api/v1/users/self HTTP/1.1" 200 284
[2022-01-27 13:16:54,782] INFO django.server: "GET /api/v1/users/self HTTP/1.1" 200 284
[2022-01-27 13:16:54,956] INFO django.server: "GET /api/v1/server/annotation/formats HTTP/1.1" 200 3767
[2022-01-27 13:16:54,957] INFO django.server: "OPTIONS /api/v1/auth/password/reset HTTP/1.1" 200 400
[2022-01-27 13:16:54,976] INFO django.server: "GET /api/v1/server/plugins HTTP/1.1" 200 72
[2022-01-27 13:16:54,981] INFO django.server: "OPTIONS /api/v1/auth/password/change HTTP/1.1" 200 672
[2022-01-27 13:16:54,983] INFO django.server: "GET /api/v1/server/about HTTP/1.1" 200 447
[2022-01-27 13:16:55,080] ERROR django.request: Service Unavailable: /api/v1/lambda/functions
[2022-01-27 13:16:55,082] ERROR django.server: "GET /api/v1/lambda/functions HTTP/1.1" 503 258
[2022-01-27 13:16:55,166] INFO django.server: "GET /api/v1/restrictions/user-agreements HTTP/1.1" 200 2
[2022-01-27 13:16:55,253] INFO django.server: "POST /api/v1/server/logs HTTP/1.1" 201 133
[2022-01-27 13:16:55,379] INFO django.server: "GET /api/v1/tasks?page_size=10&id=1 HTTP/1.1" 200 842
[2022-01-27 13:16:55,451] INFO django.server: "GET /api/v1/tasks/1/data/meta HTTP/1.1" 200 190
[2022-01-27 13:16:55,552] INFO django.server: "GET /api/v1/tasks/1/data?type=chunk&number=0&quality=compressed HTTP/1.1" 200 13932
[2022-01-27 13:16:55,668] INFO django.server: "GET /api/v1/jobs/1/annotations HTTP/1.1" 200 47
[2022-01-27 13:16:55,706] INFO django.server: "GET /api/v1/jobs/1/issues HTTP/1.1" 200 2
[2022-01-27 13:16:55,745] INFO django.server: "GET /api/v1/jobs/1/reviews HTTP/1.1" 200 2
[2022-01-27 13:18:20,240] INFO django.server: "GET /api/v1/users/self HTTP/1.1" 200 284
[2022-01-27 13:18:20,293] INFO django.server: "GET /api/v1/users/self HTTP/1.1" 200 284
[2022-01-27 13:18:20,393] INFO django.server: "OPTIONS /api/v1/auth/password/reset HTTP/1.1" 200 400
[2022-01-27 13:18:20,443] INFO django.server: "GET /api/v1/server/annotation/formats HTTP/1.1" 200 3767
[2022-01-27 13:18:20,452] INFO django.server: "GET /api/v1/server/about HTTP/1.1" 200 447
[2022-01-27 13:18:20,459] INFO django.server: "GET /api/v1/server/plugins HTTP/1.1" 200 72
[2022-01-27 13:18:20,469] INFO django.server: "OPTIONS /api/v1/auth/password/change HTTP/1.1" 200 672
[2022-01-27 13:18:20,559] ERROR django.request: Service Unavailable: /api/v1/lambda/functions
[2022-01-27 13:18:20,560] ERROR django.server: "GET /api/v1/lambda/functions HTTP/1.1" 503 258
[2022-01-27 13:18:20,602] INFO django.server: "GET /api/v1/restrictions/user-agreements HTTP/1.1" 200 2
[2022-01-27 13:18:20,739] INFO django.server: "POST /api/v1/server/logs HTTP/1.1" 201 133
[2022-01-27 13:18:20,827] INFO django.server: "GET /api/v1/tasks?page_size=10&id=1 HTTP/1.1" 200 842
[2022-01-27 13:18:20,881] INFO django.server: "GET /api/v1/tasks/1/data/meta HTTP/1.1" 200 190
[2022-01-27 13:18:20,967] INFO django.server: "GET /api/v1/tasks/1/data?type=chunk&number=0&quality=compressed HTTP/1.1" 200 13932
[2022-01-27 13:18:21,095] INFO django.server: "GET /api/v1/jobs/1/annotations HTTP/1.1" 200 47
[2022-01-27 13:18:21,136] INFO django.server: "GET /api/v1/jobs/1/issues HTTP/1.1" 200 2
[2022-01-27 13:18:21,167] INFO django.server: "GET /api/v1/jobs/1/reviews HTTP/1.1" 200 2
[2022-01-27 13:19:19,342] INFO django.server: "GET /api/v1/users/self HTTP/1.1" 200 284
[2022-01-27 13:19:19,422] INFO django.server: "GET /api/v1/users/self HTTP/1.1" 200 284
[2022-01-27 13:19:19,560] INFO django.server: "OPTIONS /api/v1/auth/password/change HTTP/1.1" 200 672
[2022-01-27 13:19:19,568] INFO django.server: "OPTIONS /api/v1/auth/password/reset HTTP/1.1" 200 400
[2022-01-27 13:19:19,674] INFO django.server: "GET /api/v1/server/about HTTP/1.1" 200 447
[2022-01-27 13:19:19,675] INFO django.server: "GET /api/v1/server/annotation/formats HTTP/1.1" 200 3767
[2022-01-27 13:19:19,683] INFO django.server: "GET /api/v1/server/plugins HTTP/1.1" 200 72
[2022-01-27 13:19:19,876] ERROR django.request: Service Unavailable: /api/v1/lambda/functions
[2022-01-27 13:19:19,886] ERROR django.server: "GET /api/v1/lambda/functions HTTP/1.1" 503 258
[2022-01-27 13:19:20,026] INFO django.server: "GET /api/v1/restrictions/user-agreements HTTP/1.1" 200 2
[2022-01-27 13:19:20,241] INFO django.server: "POST /api/v1/server/logs HTTP/1.1" 201 136
[2022-01-27 13:19:20,461] INFO django.server: "GET /api/v1/tasks?page_size=10&id=1 HTTP/1.1" 200 842
[2022-01-27 13:19:20,589] INFO django.server: "GET /api/v1/tasks/1/data/meta HTTP/1.1" 200 190
[2022-01-27 13:19:20,699] INFO django.server: "GET /api/v1/tasks/1/data?type=chunk&number=0&quality=compressed HTTP/1.1" 200 13932
[2022-01-27 13:19:20,951] INFO django.server: "GET /api/v1/jobs/1/annotations HTTP/1.1" 200 47
[2022-01-27 13:19:21,189] INFO django.server: "GET /api/v1/jobs/1/issues HTTP/1.1" 200 2
[2022-01-27 13:19:21,234] INFO django.server: "GET /api/v1/jobs/1/reviews HTTP/1.1" 200 2
[2022-01-27 13:21:12,491] INFO django.server: "GET /api/v1/users/self HTTP/1.1" 200 284
[2022-01-27 13:21:12,596] INFO django.server: "GET /api/v1/users/self HTTP/1.1" 200 284
[2022-01-27 13:21:12,824] INFO django.server: "OPTIONS /api/v1/auth/password/reset HTTP/1.1" 200 400
[2022-01-27 13:21:12,887] INFO django.server: "GET /api/v1/server/annotation/formats HTTP/1.1" 200 3767
[2022-01-27 13:21:12,891] INFO django.server: "OPTIONS /api/v1/auth/password/change HTTP/1.1" 200 672
[2022-01-27 13:21:12,898] INFO django.server: "GET /api/v1/server/plugins HTTP/1.1" 200 72
[2022-01-27 13:21:12,900] INFO django.server: "GET /api/v1/server/about HTTP/1.1" 200 447
[2022-01-27 13:21:13,093] ERROR django.request: Service Unavailable: /api/v1/lambda/functions
[2022-01-27 13:21:13,096] ERROR django.server: "GET /api/v1/lambda/functions HTTP/1.1" 503 258
[2022-01-27 13:21:13,285] INFO django.server: "POST /api/v1/server/logs HTTP/1.1" 201 133
[2022-01-27 13:21:13,367] INFO django.server: "GET /api/v1/tasks?page_size=10&id=1 HTTP/1.1" 200 842
[2022-01-27 13:21:13,428] INFO django.server: "GET /api/v1/tasks/1/data/meta HTTP/1.1" 200 190
[2022-01-27 13:21:13,505] INFO django.server: "GET /api/v1/restrictions/user-agreements HTTP/1.1" 200 2
[2022-01-27 13:21:13,538] INFO django.server: "GET /api/v1/tasks/1/data?type=chunk&number=0&quality=compressed HTTP/1.1" 200 13932
[2022-01-27 13:21:13,825] INFO django.server: "GET /api/v1/jobs/1/annotations HTTP/1.1" 200 47
[2022-01-27 13:21:13,884] INFO django.server: "GET /api/v1/jobs/1/issues HTTP/1.1" 200 2
[2022-01-27 13:21:13,933] INFO django.server: "GET /api/v1/jobs/1/reviews HTTP/1.1" 200 2
[2022-01-27 13:24:51,204] INFO django.server: "GET /api/v1/users/self HTTP/1.1" 200 284
[2022-01-27 13:24:51,255] INFO django.server: "GET /api/v1/users/self HTTP/1.1" 200 284
[2022-01-27 13:24:51,387] INFO django.server: "OPTIONS /api/v1/auth/password/change HTTP/1.1" 200 672
[2022-01-27 13:24:51,413] INFO django.server: "OPTIONS /api/v1/auth/password/reset HTTP/1.1" 200 400
[2022-01-27 13:24:51,437] INFO django.server: "GET /api/v1/server/about HTTP/1.1" 200 447
[2022-01-27 13:24:51,439] INFO django.server: "GET /api/v1/server/annotation/formats HTTP/1.1" 200 3767
[2022-01-27 13:24:51,448] INFO django.server: "GET /api/v1/server/plugins HTTP/1.1" 200 72
[2022-01-27 13:24:51,554] ERROR django.request: Service Unavailable: /api/v1/lambda/functions
[2022-01-27 13:24:51,557] ERROR django.server: "GET /api/v1/lambda/functions HTTP/1.1" 503 258
[2022-01-27 13:24:51,589] INFO django.server: "GET /api/v1/restrictions/user-agreements HTTP/1.1" 200 2
[2022-01-27 13:24:51,694] INFO django.server: "POST /api/v1/server/logs HTTP/1.1" 201 133
[2022-01-27 13:24:51,890] INFO django.server: "GET /api/v1/tasks?page_size=10&id=1 HTTP/1.1" 200 842
[2022-01-27 13:24:51,966] INFO django.server: "GET /api/v1/tasks/1/data/meta HTTP/1.1" 200 190
[2022-01-27 13:24:52,095] INFO django.server: "GET /api/v1/tasks/1/data?type=chunk&number=0&quality=compressed HTTP/1.1" 200 13932
[2022-01-27 13:24:52,324] INFO django.server: "GET /api/v1/jobs/1/annotations HTTP/1.1" 200 47
[2022-01-27 13:24:52,414] INFO django.server: "GET /api/v1/jobs/1/issues HTTP/1.1" 200 2
[2022-01-27 13:24:52,474] INFO django.server: "GET /api/v1/jobs/1/reviews HTTP/1.1" 200 2
[2022-01-27 13:43:33,846] INFO django.server: "POST /api/v1/auth/login HTTP/1.1" 200 50
[2022-01-27 13:43:34,510] INFO django.server: "GET /api/v1/users/self HTTP/1.1" 200 284
[2022-01-27 13:43:34,641] INFO django.server: "GET /api/v1/server/annotation/formats HTTP/1.1" 200 3767
[2022-01-27 13:43:34,667] INFO django.server: "GET /api/v1/server/plugins HTTP/1.1" 200 72
[2022-01-27 13:43:34,691] INFO django.server: "GET /api/v1/server/about HTTP/1.1" 200 447
[2022-01-27 13:43:34,790] ERROR django.request: Service Unavailable: /api/v1/lambda/functions
[2022-01-27 13:43:34,795] ERROR django.server: "GET /api/v1/lambda/functions HTTP/1.1" 503 258
[2022-01-27 13:43:35,395] INFO django.server: "GET /api/v1/tasks?page_size=10&page=1 HTTP/1.1" 200 842
[2022-01-27 13:43:35,550] INFO django.server: "GET /api/v1/lambda/requests HTTP/1.1" 200 2
[2022-01-27 13:43:35,621] INFO django.server: "GET /api/v1/tasks/1/data?type=preview HTTP/1.1" 304 0
[2022-01-27 13:43:42,575] INFO cvat.server.task_1: get repository request
[2022-01-27 13:43:42,632] INFO django.server: "GET /git/repository/get/1 HTTP/1.1" 200 94
[2022-01-27 13:43:42,676] INFO django.server: "GET /api/v1/users?limit=10&is_active=true HTTP/1.1" 200 336
[2022-01-27 13:43:42,736] INFO django.server: "GET /api/v1/users?limit=10&is_active=true HTTP/1.1" 200 336
[2022-01-27 13:43:42,798] INFO django.server: "GET /api/v1/users?limit=10&is_active=true HTTP/1.1" 200 336
[2022-01-27 13:43:54,887] INFO django.server: "POST /api/v1/server/logs HTTP/1.1" 201 138
[2022-01-27 13:43:54,928] INFO django.server: "GET /api/v1/tasks/1/data/meta HTTP/1.1" 200 190
[2022-01-27 13:43:55,020] INFO django.server: "GET /api/v1/tasks/1/data?type=chunk&number=0&quality=compressed HTTP/1.1" 200 13932
[2022-01-27 13:43:55,279] INFO django.server: "GET /api/v1/jobs/1/annotations HTTP/1.1" 200 47
[2022-01-27 13:43:55,384] INFO django.server: "GET /api/v1/jobs/1/issues HTTP/1.1" 200 2
[2022-01-27 13:43:55,434] INFO django.server: "GET /api/v1/jobs/1/reviews HTTP/1.1" 200 2
[2022-01-27 13:43:59,101] INFO cvat.server.task_1: get repository request
[2022-01-27 13:43:59,128] INFO django.server: "GET /git/repository/get/1 HTTP/1.1" 200 94
[2022-01-27 13:43:59,148] INFO django.server: "GET /api/v1/users?limit=10&is_active=true HTTP/1.1" 200 336
[2022-01-27 13:43:59,235] INFO django.server: "POST /api/v1/server/logs HTTP/1.1" 201 557
[2022-01-27 13:43:59,243] INFO django.server: "GET /api/v1/users?limit=10&is_active=true HTTP/1.1" 200 336
[2022-01-27 13:43:59,301] INFO django.server: "GET /api/v1/users?limit=10&is_active=true HTTP/1.1" 200 336
[2022-01-27 13:47:45,256] INFO django.server: "GET /api/v1/users/self HTTP/1.1" 200 284
[2022-01-27 13:47:45,359] INFO django.server: "GET /api/v1/users/self HTTP/1.1" 200 284
[2022-01-27 13:47:45,533] INFO django.server: "OPTIONS /api/v1/auth/password/change HTTP/1.1" 200 672
[2022-01-27 13:47:45,543] INFO django.server: "GET /api/v1/server/plugins HTTP/1.1" 200 72
[2022-01-27 13:47:45,549] INFO django.server: "OPTIONS /api/v1/auth/password/reset HTTP/1.1" 200 400
[2022-01-27 13:47:45,648] INFO django.server: "GET /api/v1/server/annotation/formats HTTP/1.1" 200 3767
[2022-01-27 13:47:45,688] INFO django.server: "GET /api/v1/server/about HTTP/1.1" 200 447
[2022-01-27 13:47:45,718] ERROR django.request: Service Unavailable: /api/v1/lambda/functions
[2022-01-27 13:47:45,726] ERROR django.server: "GET /api/v1/lambda/functions HTTP/1.1" 503 258
[2022-01-27 13:47:45,812] INFO django.server: "GET /api/v1/restrictions/user-agreements HTTP/1.1" 200 2
[2022-01-27 13:47:46,175] INFO django.server: "GET /api/v1/tasks?page_size=10&id=1&page=1 HTTP/1.1" 200 842
[2022-01-27 13:47:46,296] INFO django.server: "GET /api/v1/lambda/requests HTTP/1.1" 200 2
[2022-01-27 13:47:46,418] INFO django.server: "GET /api/v1/tasks/1/data?type=preview HTTP/1.1" 304 0
[2022-01-27 13:47:46,943] INFO cvat.server.task_1: get repository request
[2022-01-27 13:47:46,962] INFO django.server: "GET /git/repository/get/1 HTTP/1.1" 200 94
[2022-01-27 13:47:47,037] INFO django.server: "GET /api/v1/users?limit=10&is_active=true HTTP/1.1" 200 336
[2022-01-27 13:47:47,135] INFO django.server: "GET /api/v1/users?limit=10&is_active=true HTTP/1.1" 200 336
[2022-01-27 13:47:47,203] INFO django.server: "GET /api/v1/users?limit=10&is_active=true HTTP/1.1" 200 336
[2022-01-27 13:47:56,995] INFO django.server: "GET /api/v1/tasks?page_size=10&page=1 HTTP/1.1" 200 842
[2022-01-27 13:47:57,051] INFO django.server: "GET /api/v1/lambda/requests HTTP/1.1" 200 2
[2022-01-27 13:47:59,063] INFO django.server: "GET /api/v1/projects?page_size=12&page=1&without_tasks=true HTTP/1.1" 200 52
[2022-01-27 13:48:11,261] INFO django.server: "GET /api/v1/users/self HTTP/1.1" 200 284
[2022-01-27 13:48:11,447] INFO django.server: "GET /api/v1/users/self HTTP/1.1" 200 284
[2022-01-27 13:48:11,579] INFO django.server: "OPTIONS /api/v1/auth/password/change HTTP/1.1" 200 672
[2022-01-27 13:48:11,603] INFO django.server: "OPTIONS /api/v1/auth/password/reset HTTP/1.1" 200 400
[2022-01-27 13:48:11,672] INFO django.server: "GET /api/v1/server/annotation/formats HTTP/1.1" 200 3767
[2022-01-27 13:48:11,681] INFO django.server: "GET /api/v1/server/about HTTP/1.1" 200 447
[2022-01-27 13:48:11,682] INFO django.server: "GET /api/v1/server/plugins HTTP/1.1" 200 72
[2022-01-27 13:48:11,777] ERROR django.request: Service Unavailable: /api/v1/lambda/functions
[2022-01-27 13:48:11,779] ERROR django.server: "GET /api/v1/lambda/functions HTTP/1.1" 503 258
[2022-01-27 13:48:11,833] INFO django.server: "GET /api/v1/restrictions/user-agreements HTTP/1.1" 200 2
[2022-01-27 13:48:12,161] INFO django.server: "GET /api/v1/tasks?page_size=10&page=1 HTTP/1.1" 200 842
[2022-01-27 13:48:12,240] INFO django.server: "GET /api/v1/lambda/requests HTTP/1.1" 200 2
[2022-01-27 13:48:14,973] INFO cvat.server.task_1: get repository request
[2022-01-27 13:48:15,023] INFO django.server: "GET /git/repository/get/1 HTTP/1.1" 200 94
[2022-01-27 13:48:15,078] INFO django.server: "GET /api/v1/users?limit=10&is_active=true HTTP/1.1" 200 336
[2022-01-27 13:48:15,126] INFO django.server: "GET /api/v1/users?limit=10&is_active=true HTTP/1.1" 200 336
[2022-01-27 13:48:15,172] INFO django.server: "GET /api/v1/users?limit=10&is_active=true HTTP/1.1" 200 336
[2022-01-27 13:50:47,763] INFO django.server: "GET /api/v1/users/self HTTP/1.1" 200 284
[2022-01-27 13:50:47,826] INFO django.server: "GET /api/v1/users/self HTTP/1.1" 200 284
[2022-01-27 13:50:47,966] INFO django.server: "OPTIONS /api/v1/auth/password/change HTTP/1.1" 200 672
[2022-01-27 13:50:47,980] INFO django.server: "OPTIONS /api/v1/auth/password/reset HTTP/1.1" 200 400
[2022-01-27 13:50:48,009] INFO django.server: "GET /api/v1/server/about HTTP/1.1" 200 447
[2022-01-27 13:50:48,043] INFO django.server: "GET /api/v1/server/plugins HTTP/1.1" 200 72
[2022-01-27 13:50:48,066] INFO django.server: "GET /api/v1/server/annotation/formats HTTP/1.1" 200 3767
[2022-01-27 13:50:48,131] ERROR django.request: Service Unavailable: /api/v1/lambda/functions
[2022-01-27 13:50:48,143] ERROR django.server: "GET /api/v1/lambda/functions HTTP/1.1" 503 258
[2022-01-27 13:50:48,229] INFO django.server: "GET /api/v1/restrictions/user-agreements HTTP/1.1" 200 2
[2022-01-27 13:50:48,335] INFO django.server: "GET /api/v1/tasks?page_size=10&id=1&page=1 HTTP/1.1" 200 842
[2022-01-27 13:50:48,394] INFO django.server: "GET /api/v1/lambda/requests HTTP/1.1" 200 2
[2022-01-27 13:50:48,780] INFO cvat.server.task_1: get repository request
[2022-01-27 13:50:48,796] INFO django.server: "GET /git/repository/get/1 HTTP/1.1" 200 94
[2022-01-27 13:50:48,880] INFO django.server: "GET /api/v1/users?limit=10&is_active=true HTTP/1.1" 200 336
[2022-01-27 13:50:48,946] INFO django.server: "GET /api/v1/users?limit=10&is_active=true HTTP/1.1" 200 336
[2022-01-27 13:50:49,003] INFO django.server: "GET /api/v1/users?limit=10&is_active=true HTTP/1.1" 200 336
[2022-01-27 13:50:53,298] INFO django.server: "GET /api/v1/users/self HTTP/1.1" 200 284
[2022-01-27 13:50:53,559] INFO django.server: "GET /api/v1/users/self HTTP/1.1" 200 284
[2022-01-27 13:50:53,728] INFO django.server: "OPTIONS /api/v1/auth/password/change HTTP/1.1" 200 672
[2022-01-27 13:50:53,742] INFO django.server: "OPTIONS /api/v1/auth/password/reset HTTP/1.1" 200 400
[2022-01-27 13:50:53,803] INFO django.server: "GET /api/v1/server/plugins HTTP/1.1" 200 72
[2022-01-27 13:50:53,889] INFO django.server: "GET /api/v1/server/about HTTP/1.1" 200 447
[2022-01-27 13:50:53,946] INFO django.server: "GET /api/v1/server/annotation/formats HTTP/1.1" 200 3767
[2022-01-27 13:50:53,981] ERROR django.request: Service Unavailable: /api/v1/lambda/functions
[2022-01-27 13:50:53,989] ERROR django.server: "GET /api/v1/lambda/functions HTTP/1.1" 503 258
[2022-01-27 13:50:54,056] INFO django.server: "GET /api/v1/restrictions/user-agreements HTTP/1.1" 200 2
[2022-01-27 13:50:54,260] INFO django.server: "GET /api/v1/tasks?page_size=10&id=1&page=1 HTTP/1.1" 200 842
[2022-01-27 13:50:54,317] INFO django.server: "GET /api/v1/lambda/requests HTTP/1.1" 200 2
[2022-01-27 13:50:54,584] INFO cvat.server.task_1: get repository request
[2022-01-27 13:50:54,630] INFO django.server: "GET /api/v1/users?limit=10&is_active=true HTTP/1.1" 200 336
[2022-01-27 13:50:54,635] INFO django.server: "GET /git/repository/get/1 HTTP/1.1" 200 94
[2022-01-27 13:50:54,720] INFO django.server: "GET /api/v1/users?limit=10&is_active=true HTTP/1.1" 200 336
[2022-01-27 13:50:54,793] INFO django.server: "GET /api/v1/users?limit=10&is_active=true HTTP/1.1" 200 336
[2022-01-27 13:51:00,579] INFO django.server: "POST /api/v1/server/logs HTTP/1.1" 201 136
[2022-01-27 13:51:00,602] INFO django.server: "GET /api/v1/tasks/1/data/meta HTTP/1.1" 200 190
[2022-01-27 13:51:00,680] INFO django.server: "GET /api/v1/tasks/1/data?type=chunk&number=0&quality=compressed HTTP/1.1" 200 13932
[2022-01-27 13:51:00,826] INFO django.server: "GET /api/v1/jobs/1/annotations HTTP/1.1" 200 47
[2022-01-27 13:51:00,858] INFO django.server: "GET /api/v1/jobs/1/issues HTTP/1.1" 200 2
[2022-01-27 13:51:00,894] INFO django.server: "GET /api/v1/jobs/1/reviews HTTP/1.1" 200 2
[2022-01-27 13:51:09,790] INFO django.server: "POST /api/v1/server/logs HTTP/1.1" 201 557
[2022-01-27 13:51:09,802] INFO cvat.server.task_1: get repository request
[2022-01-27 13:51:09,828] INFO django.server: "GET /git/repository/get/1 HTTP/1.1" 200 94
[2022-01-27 13:51:09,853] INFO django.server: "GET /api/v1/users?limit=10&is_active=true HTTP/1.1" 200 336
[2022-01-27 13:51:09,922] INFO django.server: "GET /api/v1/users?limit=10&is_active=true HTTP/1.1" 200 336
[2022-01-27 13:51:09,999] INFO django.server: "GET /api/v1/users?limit=10&is_active=true HTTP/1.1" 200 336
[2022-01-27 13:54:56,054] INFO django.server: "GET /api/v1/tasks?page_size=10&page=1 HTTP/1.1" 200 842
[2022-01-27 13:54:56,163] INFO django.server: "GET /api/v1/lambda/requests HTTP/1.1" 200 2
[2022-01-27 13:54:56,181] INFO django.server: "GET /api/v1/tasks/1/data?type=preview HTTP/1.1" 304 0
[2022-01-27 13:55:21,050] INFO django.server: "GET /api/v1/users/self HTTP/1.1" 200 284
[2022-01-27 13:55:21,128] INFO django.server: "GET /api/v1/users/self HTTP/1.1" 200 284
[2022-01-27 13:55:21,281] INFO django.server: "OPTIONS /api/v1/auth/password/reset HTTP/1.1" 200 400
[2022-01-27 13:55:21,284] INFO django.server: "OPTIONS /api/v1/auth/password/change HTTP/1.1" 200 672
[2022-01-27 13:55:21,296] INFO django.server: "GET /api/v1/server/about HTTP/1.1" 200 447
[2022-01-27 13:55:21,307] INFO django.server: "GET /api/v1/server/plugins HTTP/1.1" 200 72
[2022-01-27 13:55:21,313] INFO django.server: "GET /api/v1/server/annotation/formats HTTP/1.1" 200 3767
[2022-01-27 13:55:21,385] ERROR django.request: Service Unavailable: /api/v1/lambda/functions
[2022-01-27 13:55:21,388] ERROR django.server: "GET /api/v1/lambda/functions HTTP/1.1" 503 258
[2022-01-27 13:55:21,495] INFO django.server: "GET /api/v1/restrictions/user-agreements HTTP/1.1" 200 2
[2022-01-27 13:55:21,734] INFO django.server: "GET /api/v1/tasks?page_size=10&page=1 HTTP/1.1" 200 842
[2022-01-27 13:55:21,796] INFO django.server: "GET /api/v1/lambda/requests HTTP/1.1" 200 2
[2022-01-27 13:55:32,626] INFO django.server: "GET /api/v1/users/self HTTP/1.1" 200 284
[2022-01-27 13:55:32,898] INFO django.server: "GET /api/v1/users/self HTTP/1.1" 200 284
[2022-01-27 13:55:33,021] INFO django.server: "OPTIONS /api/v1/auth/password/change HTTP/1.1" 200 672
[2022-01-27 13:55:33,071] INFO django.server: "GET /api/v1/server/about HTTP/1.1" 200 447
[2022-01-27 13:55:33,095] INFO django.server: "OPTIONS /api/v1/auth/password/reset HTTP/1.1" 200 400
[2022-01-27 13:55:33,122] INFO django.server: "GET /api/v1/server/annotation/formats HTTP/1.1" 200 3767
[2022-01-27 13:55:33,125] INFO django.server: "GET /api/v1/server/plugins HTTP/1.1" 200 72
[2022-01-27 13:55:33,206] ERROR django.request: Service Unavailable: /api/v1/lambda/functions
[2022-01-27 13:55:33,212] ERROR django.server: "GET /api/v1/lambda/functions HTTP/1.1" 503 258
[2022-01-27 13:55:33,262] INFO django.server: "GET /api/v1/restrictions/user-agreements HTTP/1.1" 200 2
[2022-01-27 13:55:33,497] INFO django.server: "GET /api/v1/tasks?page_size=10&page=1 HTTP/1.1" 200 842
[2022-01-27 13:55:33,547] INFO django.server: "GET /api/v1/lambda/requests HTTP/1.1" 200 2
[2022-01-27 13:55:44,803] INFO django.server: "GET /api/v1/projects?page_size=12&page=1&without_tasks=true HTTP/1.1" 200 52
[2022-01-27 14:04:39,320] INFO django.server: "POST /api/v1/auth/login HTTP/1.1" 200 50
[2022-01-27 14:04:39,869] INFO django.server: "GET /api/v1/users/self HTTP/1.1" 200 284
[2022-01-27 14:04:40,059] INFO django.server: "GET /api/v1/server/about HTTP/1.1" 200 447
[2022-01-27 14:04:40,064] INFO django.server: "GET /api/v1/server/plugins HTTP/1.1" 200 72
[2022-01-27 14:04:40,077] INFO django.server: "GET /api/v1/server/annotation/formats HTTP/1.1" 200 3767
[2022-01-27 14:04:40,235] ERROR django.request: Service Unavailable: /api/v1/lambda/functions
[2022-01-27 14:04:40,243] ERROR django.server: "GET /api/v1/lambda/functions HTTP/1.1" 503 258
[2022-01-27 14:04:40,615] INFO django.server: "GET /api/v1/projects?page_size=12&page=1&without_tasks=true HTTP/1.1" 200 52
[2022-01-27 14:04:53,382] INFO django.server: "GET /api/v1/users/self HTTP/1.1" 200 284
[2022-01-27 14:04:53,569] INFO django.server: "GET /api/v1/users/self HTTP/1.1" 200 284
[2022-01-27 14:04:53,850] INFO django.server: "OPTIONS /api/v1/auth/password/change HTTP/1.1" 200 672
[2022-01-27 14:04:53,894] INFO django.server: "GET /api/v1/server/plugins HTTP/1.1" 200 72
[2022-01-27 14:04:53,897] INFO django.server: "GET /api/v1/server/about HTTP/1.1" 200 447
[2022-01-27 14:04:53,910] INFO django.server: "OPTIONS /api/v1/auth/password/reset HTTP/1.1" 200 400
[2022-01-27 14:04:53,921] INFO django.server: "GET /api/v1/server/annotation/formats HTTP/1.1" 200 3767
[2022-01-27 14:04:53,981] ERROR django.request: Service Unavailable: /api/v1/lambda/functions
[2022-01-27 14:04:53,983] ERROR django.server: "GET /api/v1/lambda/functions HTTP/1.1" 503 258
[2022-01-27 14:04:54,057] INFO django.server: "GET /api/v1/restrictions/user-agreements HTTP/1.1" 200 2
[2022-01-27 14:04:54,308] INFO django.server: "GET /api/v1/tasks?page_size=10&page=1 HTTP/1.1" 200 842
[2022-01-27 14:04:54,403] INFO django.server: "GET /api/v1/lambda/requests HTTP/1.1" 200 2
[2022-01-27 14:04:54,454] INFO django.server: "GET /api/v1/tasks/1/data?type=preview HTTP/1.1" 304 0
[2022-01-27 14:05:00,170] INFO cvat.server.task_1: get repository request
[2022-01-27 14:05:00,213] INFO django.server: "GET /api/v1/users?limit=10&is_active=true HTTP/1.1" 200 336
[2022-01-27 14:05:00,218] INFO django.server: "GET /git/repository/get/1 HTTP/1.1" 200 94
[2022-01-27 14:05:00,272] INFO django.server: "GET /api/v1/users?limit=10&is_active=true HTTP/1.1" 200 336
[2022-01-27 14:05:00,315] INFO django.server: "GET /api/v1/users?limit=10&is_active=true HTTP/1.1" 200 336
[2022-01-27 14:05:02,035] INFO django.server: "POST /api/v1/server/logs HTTP/1.1" 201 136
[2022-01-27 14:05:02,085] INFO django.server: "GET /api/v1/tasks/1/data/meta HTTP/1.1" 200 190
[2022-01-27 14:05:02,163] INFO django.server: "GET /api/v1/tasks/1/data?type=chunk&number=0&quality=compressed HTTP/1.1" 200 13932
[2022-01-27 14:05:02,312] INFO django.server: "GET /api/v1/jobs/1/annotations HTTP/1.1" 200 47
[2022-01-27 14:05:02,388] INFO django.server: "GET /api/v1/jobs/1/issues HTTP/1.1" 200 2
[2022-01-27 14:05:02,422] INFO django.server: "GET /api/v1/jobs/1/reviews HTTP/1.1" 200 2
[2022-01-27 14:05:04,626] INFO django.server: "GET /api/v1/projects?page_size=12&page=1&without_tasks=true HTTP/1.1" 200 52
[2022-01-27 14:05:04,635] INFO django.server: "POST /api/v1/server/logs HTTP/1.1" 201 557
[2022-01-27 14:05:17,572] INFO django.server: "POST /api/v1/projects HTTP/1.1" 201 447
[2022-01-27 14:05:19,731] INFO django.server: "GET /api/v1/projects?page_size=12&id=1&page=1&without_tasks=false HTTP/1.1" 200 499
[2022-01-27 14:05:19,901] INFO django.server: "GET /api/v1/users?limit=10&is_active=true HTTP/1.1" 200 336
[2022-01-27 14:05:20,843] INFO django.server: "GET /api/v1/projects?page_size=12&page=1&without_tasks=true HTTP/1.1" 200 517
[2022-01-27 14:05:33,382] INFO django.server: "GET /api/v1/users/self HTTP/1.1" 200 284
[2022-01-27 14:05:33,436] INFO django.server: "GET /api/v1/users/self HTTP/1.1" 200 284
[2022-01-27 14:05:33,562] INFO django.server: "OPTIONS /api/v1/auth/password/change HTTP/1.1" 200 672
[2022-01-27 14:05:33,591] INFO django.server: "GET /api/v1/server/annotation/formats HTTP/1.1" 200 3767
[2022-01-27 14:05:33,600] INFO django.server: "GET /api/v1/server/about HTTP/1.1" 200 447
[2022-01-27 14:05:33,606] INFO django.server: "GET /api/v1/server/plugins HTTP/1.1" 200 72
[2022-01-27 14:05:33,625] INFO django.server: "OPTIONS /api/v1/auth/password/reset HTTP/1.1" 200 400
[2022-01-27 14:05:33,722] INFO django.server: "GET /api/v1/restrictions/user-agreements HTTP/1.1" 200 2
[2022-01-27 14:05:33,743] ERROR django.request: Service Unavailable: /api/v1/lambda/functions
[2022-01-27 14:05:33,745] ERROR django.server: "GET /api/v1/lambda/functions HTTP/1.1" 503 258
[2022-01-27 14:05:33,926] INFO django.server: "GET /api/v1/projects?page_size=12&page=1&without_tasks=true HTTP/1.1" 200 517
[2022-01-27 14:36:31,838] INFO django.server: "GET /api/v1/users?limit=10&is_active=true HTTP/1.1" 200 336
[2022-01-27 14:36:31,888] INFO django.server: "GET /api/v1/projects?page_size=12&id=1&page=1&without_tasks=false HTTP/1.1" 200 499
[2022-01-27 14:36:32,128] INFO django.server: "GET /api/v1/users?limit=10&is_active=true HTTP/1.1" 200 336
[2022-01-27 14:36:33,743] INFO django.server: "GET /api/v1/projects?page_size=12&page=1&without_tasks=true HTTP/1.1" 200 517
[2022-01-27 14:36:40,073] INFO django.server: "GET /api/v1/users/self HTTP/1.1" 200 284
[2022-01-27 14:36:40,150] INFO django.server: "GET /api/v1/users/self HTTP/1.1" 200 284
[2022-01-27 14:36:40,254] INFO django.server: "OPTIONS /api/v1/auth/password/reset HTTP/1.1" 200 400
[2022-01-27 14:36:40,307] INFO django.server: "OPTIONS /api/v1/auth/password/change HTTP/1.1" 200 672
[2022-01-27 14:36:40,356] INFO django.server: "GET /api/v1/server/annotation/formats HTTP/1.1" 200 3767
[2022-01-27 14:36:40,365] INFO django.server: "GET /api/v1/server/about HTTP/1.1" 200 447
[2022-01-27 14:36:40,379] INFO django.server: "GET /api/v1/server/plugins HTTP/1.1" 200 72
[2022-01-27 14:36:40,481] ERROR django.request: Service Unavailable: /api/v1/lambda/functions
[2022-01-27 14:36:40,482] ERROR django.server: "GET /api/v1/lambda/functions HTTP/1.1" 503 258
[2022-01-27 14:36:40,516] INFO django.server: "GET /api/v1/restrictions/user-agreements HTTP/1.1" 200 2
[2022-01-27 14:36:40,806] INFO django.server: "GET /api/v1/tasks?page_size=10&page=1 HTTP/1.1" 200 842
[2022-01-27 14:36:40,946] INFO django.server: "GET /api/v1/lambda/requests HTTP/1.1" 200 2
[2022-01-27 14:36:40,963] INFO django.server: "GET /api/v1/tasks/1/data?type=preview HTTP/1.1" 304 0
[2022-01-27 14:36:46,606] INFO django.server: "GET /api/v1/projects?names_only=true&page=1&page_size=10&search= HTTP/1.1" 200 75
[2022-01-27 14:36:47,720] INFO django.server: "GET /api/v1/projects?page_size=12&id=1&without_tasks=false HTTP/1.1" 200 499
[2022-01-27 14:36:50,146] INFO cvat.server.task_1: jhj(1) label was updated
[2022-01-27 14:36:50,350] INFO django.server: "PATCH /api/v1/tasks/1 HTTP/1.1" 200 783
[2022-01-27 14:36:50,461] INFO django.server: "GET /api/v1/tasks?page_size=10&id=1 HTTP/1.1" 200 835
[2022-01-27 14:36:52,019] INFO django.server: "GET /api/v1/projects?page_size=12&page=1&without_tasks=true HTTP/1.1" 200 518
[2022-01-27 14:36:52,929] INFO django.server: "GET /api/v1/users?limit=10&is_active=true HTTP/1.1" 200 336
[2022-01-27 14:36:53,029] INFO django.server: "GET /api/v1/projects?page_size=12&id=1&page=1&without_tasks=false HTTP/1.1" 200 1282
[2022-01-27 14:36:53,250] INFO django.server: "GET /api/v1/users?limit=10&is_active=true HTTP/1.1" 200 336
[2022-01-27 14:38:28,711] INFO django.server: "GET /api/v1/users/self HTTP/1.1" 200 284
[2022-01-27 14:38:28,780] INFO django.server: "GET /api/v1/users/self HTTP/1.1" 200 284
[2022-01-27 14:38:28,934] INFO django.server: "OPTIONS /api/v1/auth/password/reset HTTP/1.1" 200 400
[2022-01-27 14:38:28,980] INFO django.server: "GET /api/v1/server/annotation/formats HTTP/1.1" 200 3767
[2022-01-27 14:38:28,983] INFO django.server: "GET /api/v1/server/about HTTP/1.1" 200 447
[2022-01-27 14:38:28,999] INFO django.server: "GET /api/v1/server/plugins HTTP/1.1" 200 72
[2022-01-27 14:38:29,019] INFO django.server: "OPTIONS /api/v1/auth/password/change HTTP/1.1" 200 672
[2022-01-27 14:38:29,083] ERROR django.request: Service Unavailable: /api/v1/lambda/functions
[2022-01-27 14:38:29,085] ERROR django.server: "GET /api/v1/lambda/functions HTTP/1.1" 503 258
[2022-01-27 14:38:29,155] INFO django.server: "GET /api/v1/restrictions/user-agreements HTTP/1.1" 200 2
[2022-01-27 14:38:29,311] INFO django.server: "GET /api/v1/projects?page_size=12&id=1&page=1&without_tasks=false HTTP/1.1" 200 1282
[2022-01-27 14:38:47,883] INFO django.server: "GET /api/v1/projects?page_size=12&page=1&without_tasks=true HTTP/1.1" 200 518
[2022-01-27 14:38:48,651] INFO django.server: "GET /api/v1/projects?page_size=12&id=1&page=1&without_tasks=false HTTP/1.1" 200 1282
[2022-01-27 14:38:55,259] INFO django.server: "GET /api/v1/users?limit=10&is_active=true HTTP/1.1" 200 336
[2022-01-27 14:38:55,276] INFO cvat.server.task_1: get repository request
[2022-01-27 14:38:55,315] INFO django.server: "GET /api/v1/users?limit=10&is_active=true HTTP/1.1" 200 336
[2022-01-27 14:38:55,368] INFO django.server: "GET /api/v1/users?limit=10&is_active=true HTTP/1.1" 200 336
[2022-01-27 14:38:55,387] INFO django.server: "GET /git/repository/get/1 HTTP/1.1" 200 94
[2022-01-27 14:38:55,410] INFO django.server: "GET /api/v1/projects?page_size=12&id=1&without_tasks=true HTTP/1.1" 200 518
[2022-01-27 14:38:59,065] INFO django.server: "GET /api/v1/projects?page_size=12&id=1&page=1&without_tasks=false HTTP/1.1" 200 1282
[2022-01-27 14:39:58,985] INFO django.server: "GET /api/v1/users/self HTTP/1.1" 200 284
[2022-01-27 14:39:59,183] INFO django.server: "GET /api/v1/users/self HTTP/1.1" 200 284
[2022-01-27 14:39:59,372] INFO django.server: "OPTIONS /api/v1/auth/password/change HTTP/1.1" 200 672
[2022-01-27 14:39:59,374] INFO django.server: "GET /api/v1/server/about HTTP/1.1" 200 447
[2022-01-27 14:39:59,399] INFO django.server: "OPTIONS /api/v1/auth/password/reset HTTP/1.1" 200 400
[2022-01-27 14:39:59,420] INFO django.server: "GET /api/v1/server/annotation/formats HTTP/1.1" 200 3767
[2022-01-27 14:39:59,441] INFO django.server: "GET /api/v1/server/plugins HTTP/1.1" 200 72
[2022-01-27 14:39:59,549] ERROR django.request: Service Unavailable: /api/v1/lambda/functions
[2022-01-27 14:39:59,551] ERROR django.server: "GET /api/v1/lambda/functions HTTP/1.1" 503 258
[2022-01-27 14:39:59,574] INFO django.server: "GET /api/v1/restrictions/user-agreements HTTP/1.1" 200 2
[2022-01-27 14:39:59,734] INFO django.server: "GET /api/v1/projects?page_size=12&id=1&page=1&without_tasks=false HTTP/1.1" 200 1282
[2022-01-27 14:41:13,387] INFO django.server: "GET /api/v1/users/self HTTP/1.1" 200 284
[2022-01-27 14:41:13,609] INFO django.server: "GET /api/v1/users/self HTTP/1.1" 200 284
[2022-01-27 14:41:13,774] INFO django.server: "OPTIONS /api/v1/auth/password/change HTTP/1.1" 200 672
[2022-01-27 14:41:13,787] INFO django.server: "GET /api/v1/server/annotation/formats HTTP/1.1" 200 3767
[2022-01-27 14:41:13,842] INFO django.server: "GET /api/v1/server/about HTTP/1.1" 200 447
[2022-01-27 14:41:13,854] INFO django.server: "GET /api/v1/server/plugins HTTP/1.1" 200 72
[2022-01-27 14:41:13,866] INFO django.server: "OPTIONS /api/v1/auth/password/reset HTTP/1.1" 200 400
[2022-01-27 14:41:13,964] ERROR django.request: Service Unavailable: /api/v1/lambda/functions
[2022-01-27 14:41:13,967] ERROR django.server: "GET /api/v1/lambda/functions HTTP/1.1" 503 258
[2022-01-27 14:41:14,065] INFO django.server: "GET /api/v1/restrictions/user-agreements HTTP/1.1" 200 2
[2022-01-27 14:41:14,777] INFO django.server: "GET /api/v1/projects?page_size=12&id=1&page=1&without_tasks=false HTTP/1.1" 200 1282
[2022-01-27 14:41:17,647] INFO django.server: "GET /api/v1/projects?page_size=12&page=1&without_tasks=true HTTP/1.1" 200 518
[2022-01-27 14:41:18,420] INFO django.server: "GET /api/v1/projects?page_size=12&id=1&page=1&without_tasks=false HTTP/1.1" 200 1282
[2022-01-27 14:41:22,366] INFO django.server: "POST /api/v1/server/logs HTTP/1.1" 201 136
[2022-01-27 14:41:22,412] INFO django.server: "GET /api/v1/tasks/1/data/meta HTTP/1.1" 200 190
[2022-01-27 14:41:22,512] INFO django.server: "GET /api/v1/tasks/1/data?type=chunk&number=0&quality=compressed HTTP/1.1" 200 13932
[2022-01-27 14:41:22,642] INFO django.server: "GET /api/v1/jobs/1/annotations HTTP/1.1" 200 47
[2022-01-27 14:41:22,689] INFO django.server: "GET /api/v1/jobs/1/issues HTTP/1.1" 200 2
[2022-01-27 14:41:22,737] INFO django.server: "GET /api/v1/jobs/1/reviews HTTP/1.1" 200 2
[2022-01-27 14:42:38,453] INFO django.server: "GET /api/v1/users/self HTTP/1.1" 200 284
[2022-01-27 14:42:38,532] INFO django.server: "GET /api/v1/users/self HTTP/1.1" 200 284
[2022-01-27 14:42:38,693] INFO django.server: "OPTIONS /api/v1/auth/password/change HTTP/1.1" 200 672
[2022-01-27 14:42:38,759] INFO django.server: "GET /api/v1/server/about HTTP/1.1" 200 447
[2022-01-27 14:42:38,767] INFO django.server: "OPTIONS /api/v1/auth/password/reset HTTP/1.1" 200 400
[2022-01-27 14:42:38,768] INFO django.server: "GET /api/v1/server/plugins HTTP/1.1" 200 72
[2022-01-27 14:42:38,844] INFO django.server: "GET /api/v1/server/annotation/formats HTTP/1.1" 200 3767
[2022-01-27 14:42:38,906] ERROR django.request: Service Unavailable: /api/v1/lambda/functions
[2022-01-27 14:42:38,913] ERROR django.server: "GET /api/v1/lambda/functions HTTP/1.1" 503 258
[2022-01-27 14:42:39,002] INFO django.server: "GET /api/v1/restrictions/user-agreements HTTP/1.1" 200 2
[2022-01-27 14:42:39,098] INFO django.server: "POST /api/v1/server/logs HTTP/1.1" 201 133
[2022-01-27 14:42:39,250] INFO django.server: "GET /api/v1/tasks?page_size=10&id=1 HTTP/1.1" 200 835
[2022-01-27 14:42:39,317] INFO django.server: "GET /api/v1/tasks/1/data/meta HTTP/1.1" 200 190
[2022-01-27 14:42:39,390] INFO django.server: "GET /api/v1/tasks/1/data?type=chunk&number=0&quality=compressed HTTP/1.1" 200 13932
[2022-01-27 14:42:39,550] INFO django.server: "GET /api/v1/jobs/1/annotations HTTP/1.1" 200 47
[2022-01-27 14:42:39,598] INFO django.server: "GET /api/v1/jobs/1/issues HTTP/1.1" 200 2
[2022-01-27 14:42:39,633] INFO django.server: "GET /api/v1/jobs/1/reviews HTTP/1.1" 200 2
[2022-01-27 14:55:46,970] INFO django.server: "POST /api/v1/auth/login HTTP/1.1" 200 50
[2022-01-27 14:55:47,483] INFO django.server: "GET /api/v1/users/self HTTP/1.1" 200 284
[2022-01-27 14:55:47,635] INFO django.server: "GET /api/v1/server/annotation/formats HTTP/1.1" 200 3767
[2022-01-27 14:55:47,658] INFO django.server: "GET /api/v1/server/about HTTP/1.1" 200 447
[2022-01-27 14:55:47,663] INFO django.server: "GET /api/v1/server/plugins HTTP/1.1" 200 72
[2022-01-27 14:55:47,754] ERROR django.request: Service Unavailable: /api/v1/lambda/functions
[2022-01-27 14:55:47,756] ERROR django.server: "GET /api/v1/lambda/functions HTTP/1.1" 503 258
[2022-01-27 14:55:48,057] INFO django.server: "POST /api/v1/server/logs HTTP/1.1" 201 137
[2022-01-27 14:55:48,312] INFO django.server: "GET /api/v1/tasks?page_size=10&id=1 HTTP/1.1" 200 835
[2022-01-27 14:55:48,412] INFO django.server: "GET /api/v1/tasks/1/data/meta HTTP/1.1" 200 190
[2022-01-27 14:55:48,483] INFO django.server: "GET /api/v1/tasks/1/data?type=chunk&number=0&quality=compressed HTTP/1.1" 200 13932
[2022-01-27 14:55:48,641] INFO django.server: "GET /api/v1/jobs/1/annotations HTTP/1.1" 200 47
[2022-01-27 14:55:48,674] INFO django.server: "GET /api/v1/jobs/1/issues HTTP/1.1" 200 2
[2022-01-27 14:55:48,706] INFO django.server: "GET /api/v1/jobs/1/reviews HTTP/1.1" 200 2
[2022-01-27 14:57:21,582] INFO django.server: "GET /api/v1/users/self HTTP/1.1" 200 284
[2022-01-27 14:57:21,725] INFO django.server: "GET /api/v1/users/self HTTP/1.1" 200 284
[2022-01-27 14:57:22,193] INFO django.server: "OPTIONS /api/v1/auth/password/change HTTP/1.1" 200 672
[2022-01-27 14:57:22,226] INFO django.server: "OPTIONS /api/v1/auth/password/reset HTTP/1.1" 200 400
[2022-01-27 14:57:22,297] INFO django.server: "GET /api/v1/server/annotation/formats HTTP/1.1" 200 3767
[2022-01-27 14:57:22,308] INFO django.server: "GET /api/v1/server/about HTTP/1.1" 200 447
[2022-01-27 14:57:22,323] INFO django.server: "GET /api/v1/server/plugins HTTP/1.1" 200 72
[2022-01-27 14:57:22,436] INFO django.server: "GET /api/v1/restrictions/user-agreements HTTP/1.1" 200 2
[2022-01-27 14:57:22,614] ERROR django.request: Service Unavailable: /api/v1/lambda/functions
[2022-01-27 14:57:22,616] ERROR django.server: "GET /api/v1/lambda/functions HTTP/1.1" 503 258
[2022-01-27 14:57:22,781] INFO django.server: "POST /api/v1/server/logs HTTP/1.1" 201 133
[2022-01-27 14:57:22,889] INFO django.server: "GET /api/v1/tasks?page_size=10&id=1 HTTP/1.1" 200 835
[2022-01-27 14:57:23,075] INFO django.server: "GET /api/v1/tasks/1/data/meta HTTP/1.1" 200 190
[2022-01-27 14:57:23,188] INFO django.server: "GET /api/v1/tasks/1/data?type=chunk&number=0&quality=compressed HTTP/1.1" 200 13932
[2022-01-27 14:57:23,349] INFO django.server: "GET /api/v1/jobs/1/annotations HTTP/1.1" 200 47
[2022-01-27 14:57:23,426] INFO django.server: "GET /api/v1/jobs/1/issues HTTP/1.1" 200 2
[2022-01-27 14:57:23,489] INFO django.server: "GET /api/v1/jobs/1/reviews HTTP/1.1" 200 2
[2022-01-27 14:58:33,179] INFO django.server: "GET /api/v1/users/self HTTP/1.1" 200 284
[2022-01-27 14:58:33,476] INFO django.server: "GET /api/v1/users/self HTTP/1.1" 200 284
[2022-01-27 14:58:33,662] INFO django.server: "GET /api/v1/server/about HTTP/1.1" 200 447
[2022-01-27 14:58:33,663] INFO django.server: "GET /api/v1/server/annotation/formats HTTP/1.1" 200 3767
[2022-01-27 14:58:33,668] INFO django.server: "GET /api/v1/server/plugins HTTP/1.1" 200 72
[2022-01-27 14:58:33,680] INFO django.server: "OPTIONS /api/v1/auth/password/reset HTTP/1.1" 200 400
[2022-01-27 14:58:33,692] INFO django.server: "OPTIONS /api/v1/auth/password/change HTTP/1.1" 200 672
[2022-01-27 14:58:33,791] ERROR django.request: Service Unavailable: /api/v1/lambda/functions
[2022-01-27 14:58:33,796] ERROR django.server: "GET /api/v1/lambda/functions HTTP/1.1" 503 258
[2022-01-27 14:58:33,862] INFO django.server: "GET /api/v1/restrictions/user-agreements HTTP/1.1" 200 2
[2022-01-27 14:58:33,942] INFO django.server: "POST /api/v1/server/logs HTTP/1.1" 201 133
[2022-01-27 14:58:34,125] INFO django.server: "GET /api/v1/tasks?page_size=10&id=1 HTTP/1.1" 200 835
[2022-01-27 14:58:34,194] INFO django.server: "GET /api/v1/tasks/1/data/meta HTTP/1.1" 200 190
[2022-01-27 14:58:34,293] INFO django.server: "GET /api/v1/tasks/1/data?type=chunk&number=0&quality=compressed HTTP/1.1" 200 13932
[2022-01-27 14:58:34,570] INFO django.server: "GET /api/v1/jobs/1/annotations HTTP/1.1" 200 47
[2022-01-27 14:58:34,613] INFO django.server: "GET /api/v1/jobs/1/issues HTTP/1.1" 200 2
[2022-01-27 14:58:34,647] INFO django.server: "GET /api/v1/jobs/1/reviews HTTP/1.1" 200 2
[2022-01-27 14:59:17,099] INFO django.server: "GET /api/v1/users/self HTTP/1.1" 200 284
[2022-01-27 14:59:17,219] INFO django.server: "GET /api/v1/users/self HTTP/1.1" 200 284
[2022-01-27 14:59:17,328] INFO django.server: "OPTIONS /api/v1/auth/password/reset HTTP/1.1" 200 400
[2022-01-27 14:59:17,342] INFO django.server: "OPTIONS /api/v1/auth/password/change HTTP/1.1" 200 672
[2022-01-27 14:59:17,409] INFO django.server: "GET /api/v1/server/annotation/formats HTTP/1.1" 200 3767
[2022-01-27 14:59:17,410] INFO django.server: "GET /api/v1/server/plugins HTTP/1.1" 200 72
[2022-01-27 14:59:17,416] INFO django.server: "GET /api/v1/server/about HTTP/1.1" 200 447
[2022-01-27 14:59:17,525] ERROR django.request: Service Unavailable: /api/v1/lambda/functions
[2022-01-27 14:59:17,529] ERROR django.server: "GET /api/v1/lambda/functions HTTP/1.1" 503 258
[2022-01-27 14:59:17,625] INFO django.server: "GET /api/v1/restrictions/user-agreements HTTP/1.1" 200 2
[2022-01-27 14:59:17,727] INFO django.server: "POST /api/v1/server/logs HTTP/1.1" 201 133
[2022-01-27 14:59:17,864] INFO django.server: "GET /api/v1/tasks?page_size=10&id=1 HTTP/1.1" 200 835
[2022-01-27 14:59:17,929] INFO django.server: "GET /api/v1/tasks/1/data/meta HTTP/1.1" 200 190
[2022-01-27 14:59:18,023] INFO django.server: "GET /api/v1/tasks/1/data?type=chunk&number=0&quality=compressed HTTP/1.1" 200 13932
[2022-01-27 14:59:18,155] INFO django.server: "GET /api/v1/jobs/1/annotations HTTP/1.1" 200 47
[2022-01-27 14:59:18,188] INFO django.server: "GET /api/v1/jobs/1/issues HTTP/1.1" 200 2
[2022-01-27 14:59:18,221] INFO django.server: "GET /api/v1/jobs/1/reviews HTTP/1.1" 200 2
[2022-01-27 15:01:03,576] INFO django.server: "GET /api/v1/users/self HTTP/1.1" 200 284
[2022-01-27 15:01:03,896] INFO django.server: "GET /api/v1/users/self HTTP/1.1" 200 284
[2022-01-27 15:01:04,748] INFO django.server: "OPTIONS /api/v1/auth/password/change HTTP/1.1" 200 672
[2022-01-27 15:01:04,819] INFO django.server: "GET /api/v1/server/about HTTP/1.1" 200 447
[2022-01-27 15:01:04,869] INFO django.server: "OPTIONS /api/v1/auth/password/reset HTTP/1.1" 200 400
[2022-01-27 15:01:04,889] INFO django.server: "GET /api/v1/server/plugins HTTP/1.1" 200 72
[2022-01-27 15:01:04,904] INFO django.server: "GET /api/v1/server/annotation/formats HTTP/1.1" 200 3767
[2022-01-27 15:01:05,071] ERROR django.request: Service Unavailable: /api/v1/lambda/functions
[2022-01-27 15:01:05,074] ERROR django.server: "GET /api/v1/lambda/functions HTTP/1.1" 503 258
[2022-01-27 15:01:05,159] INFO django.server: "GET /api/v1/restrictions/user-agreements HTTP/1.1" 200 2
[2022-01-27 15:01:05,343] INFO django.server: "POST /api/v1/server/logs HTTP/1.1" 201 133
[2022-01-27 15:01:05,653] INFO django.server: "GET /api/v1/tasks?page_size=10&id=1 HTTP/1.1" 200 835
[2022-01-27 15:01:05,722] INFO django.server: "GET /api/v1/tasks/1/data/meta HTTP/1.1" 200 190
[2022-01-27 15:01:05,812] INFO django.server: "GET /api/v1/tasks/1/data?type=chunk&number=0&quality=compressed HTTP/1.1" 200 13932
[2022-01-27 15:01:06,594] INFO django.server: "GET /api/v1/jobs/1/annotations HTTP/1.1" 200 47
[2022-01-27 15:01:06,654] INFO django.server: "GET /api/v1/jobs/1/issues HTTP/1.1" 200 2
[2022-01-27 15:01:06,709] INFO django.server: "GET /api/v1/jobs/1/reviews HTTP/1.1" 200 2
[2022-01-27 15:01:13,735] INFO django.server: "GET /api/v1/users/self HTTP/1.1" 200 284
[2022-01-27 15:01:13,844] INFO django.server: "GET /api/v1/users/self HTTP/1.1" 200 284
[2022-01-27 15:01:14,016] INFO django.server: "OPTIONS /api/v1/auth/password/change HTTP/1.1" 200 672
[2022-01-27 15:01:14,056] INFO django.server: "OPTIONS /api/v1/auth/password/reset HTTP/1.1" 200 400
[2022-01-27 15:01:14,062] INFO django.server: "GET /api/v1/server/annotation/formats HTTP/1.1" 200 3767
[2022-01-27 15:01:14,063] INFO django.server: "GET /api/v1/server/about HTTP/1.1" 200 447
[2022-01-27 15:01:14,085] INFO django.server: "GET /api/v1/server/plugins HTTP/1.1" 200 72
[2022-01-27 15:01:14,181] INFO django.server: "GET /api/v1/restrictions/user-agreements HTTP/1.1" 200 2
[2022-01-27 15:01:14,473] ERROR django.request: Service Unavailable: /api/v1/lambda/functions
[2022-01-27 15:01:14,476] ERROR django.server: "GET /api/v1/lambda/functions HTTP/1.1" 503 258
[2022-01-27 15:01:14,750] INFO django.server: "POST /api/v1/server/logs HTTP/1.1" 201 133
[2022-01-27 15:01:14,848] INFO django.server: "GET /api/v1/tasks?page_size=10&id=1 HTTP/1.1" 200 835
[2022-01-27 15:01:14,917] INFO django.server: "GET /api/v1/tasks/1/data/meta HTTP/1.1" 200 190
[2022-01-27 15:01:15,070] INFO django.server: "GET /api/v1/tasks/1/data?type=chunk&number=0&quality=compressed HTTP/1.1" 200 13932
[2022-01-27 15:01:15,266] INFO django.server: "GET /api/v1/jobs/1/annotations HTTP/1.1" 200 47
[2022-01-27 15:01:15,344] INFO django.server: "GET /api/v1/jobs/1/issues HTTP/1.1" 200 2
[2022-01-27 15:01:15,406] INFO django.server: "GET /api/v1/jobs/1/reviews HTTP/1.1" 200 2
[2022-01-27 15:01:39,646] INFO django.server: "GET /api/v1/users/self HTTP/1.1" 200 284
[2022-01-27 15:01:39,831] INFO django.server: "GET /api/v1/users/self HTTP/1.1" 200 284
[2022-01-27 15:01:40,266] INFO django.server: "OPTIONS /api/v1/auth/password/change HTTP/1.1" 200 672
[2022-01-27 15:01:40,275] INFO django.server: "OPTIONS /api/v1/auth/password/reset HTTP/1.1" 200 400
[2022-01-27 15:01:40,459] INFO django.server: "GET /api/v1/server/plugins HTTP/1.1" 200 72
[2022-01-27 15:01:40,467] INFO django.server: "GET /api/v1/server/about HTTP/1.1" 200 447
[2022-01-27 15:01:40,508] INFO django.server: "GET /api/v1/server/annotation/formats HTTP/1.1" 200 3767
[2022-01-27 15:01:40,610] INFO django.server: "GET /api/v1/restrictions/user-agreements HTTP/1.1" 200 2
[2022-01-27 15:01:40,806] ERROR django.request: Service Unavailable: /api/v1/lambda/functions
[2022-01-27 15:01:40,809] ERROR django.server: "GET /api/v1/lambda/functions HTTP/1.1" 503 258
[2022-01-27 15:01:41,106] INFO django.server: "POST /api/v1/server/logs HTTP/1.1" 201 133
[2022-01-27 15:01:41,380] INFO django.server: "GET /api/v1/tasks?page_size=10&id=1 HTTP/1.1" 200 835
[2022-01-27 15:01:41,447] INFO django.server: "GET /api/v1/tasks/1/data/meta HTTP/1.1" 200 190
[2022-01-27 15:01:41,561] INFO django.server: "GET /api/v1/tasks/1/data?type=chunk&number=0&quality=compressed HTTP/1.1" 200 13932
[2022-01-27 15:01:42,543] INFO django.server: "GET /api/v1/jobs/1/annotations HTTP/1.1" 200 47
[2022-01-27 15:01:42,581] INFO django.server: "GET /api/v1/jobs/1/issues HTTP/1.1" 200 2
[2022-01-27 15:01:42,627] INFO django.server: "GET /api/v1/jobs/1/reviews HTTP/1.1" 200 2
[2022-01-27 15:04:26,237] INFO django.server: "GET /api/v1/users/self HTTP/1.1" 200 284
[2022-01-27 15:04:26,508] INFO django.server: "GET /api/v1/users/self HTTP/1.1" 200 284
[2022-01-27 15:04:26,956] INFO django.server: "GET /api/v1/users/self HTTP/1.1" 200 284
[2022-01-27 15:04:27,075] INFO django.server: "GET /api/v1/users/self HTTP/1.1" 200 284
[2022-01-27 15:04:27,346] INFO django.server: "OPTIONS /api/v1/auth/password/change HTTP/1.1" 200 672
[2022-01-27 15:04:27,522] INFO django.server: "GET /api/v1/server/about HTTP/1.1" 200 447
[2022-01-27 15:04:27,547] INFO django.server: "GET /api/v1/server/annotation/formats HTTP/1.1" 200 3767
[2022-01-27 15:04:27,567] INFO django.server: "OPTIONS /api/v1/auth/password/reset HTTP/1.1" 200 400
[2022-01-27 15:04:27,568] INFO django.server: "GET /api/v1/server/plugins HTTP/1.1" 200 72
[2022-01-27 15:04:27,617] INFO django.server: "GET /api/v1/restrictions/user-agreements HTTP/1.1" 200 2
[2022-01-27 15:04:28,044] ERROR django.request: Service Unavailable: /api/v1/lambda/functions
[2022-01-27 15:04:28,046] ERROR django.server: "GET /api/v1/lambda/functions HTTP/1.1" 503 258
[2022-01-27 15:04:28,489] INFO django.server: "POST /api/v1/server/logs HTTP/1.1" 201 135
[2022-01-27 15:04:28,624] INFO django.server: "GET /api/v1/tasks?page_size=10&id=1 HTTP/1.1" 200 835
[2022-01-27 15:04:28,834] INFO django.server: "GET /api/v1/tasks/1/data/meta HTTP/1.1" 200 190
[2022-01-27 15:04:28,998] INFO django.server: "GET /api/v1/tasks/1/data?type=chunk&number=0&quality=compressed HTTP/1.1" 200 13932
[2022-01-27 15:04:29,392] INFO django.server: "GET /api/v1/jobs/1/issues HTTP/1.1" 200 2
[2022-01-27 15:04:29,313] INFO django.server: "GET /api/v1/jobs/1/annotations HTTP/1.1" 200 47
[2022-01-27 15:04:29,442] INFO django.server: "GET /api/v1/jobs/1/reviews HTTP/1.1" 200 2
[2022-01-27 15:04:43,706] INFO django.server: "GET /api/v1/users/self HTTP/1.1" 200 284
[2022-01-27 15:04:43,878] INFO django.server: "GET /api/v1/users/self HTTP/1.1" 200 284
[2022-01-27 15:04:44,042] INFO django.server: "OPTIONS /api/v1/auth/password/change HTTP/1.1" 200 672
[2022-01-27 15:04:44,051] INFO django.server: "OPTIONS /api/v1/auth/password/reset HTTP/1.1" 200 400
[2022-01-27 15:04:44,096] INFO django.server: "GET /api/v1/server/plugins HTTP/1.1" 200 72
[2022-01-27 15:04:44,097] INFO django.server: "GET /api/v1/server/about HTTP/1.1" 200 447
[2022-01-27 15:04:44,119] INFO django.server: "GET /api/v1/server/annotation/formats HTTP/1.1" 200 3767
[2022-01-27 15:04:44,284] ERROR django.request: Service Unavailable: /api/v1/lambda/functions
[2022-01-27 15:04:44,289] ERROR django.server: "GET /api/v1/lambda/functions HTTP/1.1" 503 258
[2022-01-27 15:04:44,336] INFO django.server: "GET /api/v1/restrictions/user-agreements HTTP/1.1" 200 2
[2022-01-27 15:04:44,431] INFO django.server: "POST /api/v1/server/logs HTTP/1.1" 201 133
[2022-01-27 15:04:44,518] INFO django.server: "GET /api/v1/tasks?page_size=10&id=1 HTTP/1.1" 200 835
[2022-01-27 15:04:44,583] INFO django.server: "GET /api/v1/tasks/1/data/meta HTTP/1.1" 200 190
[2022-01-27 15:04:44,683] INFO django.server: "GET /api/v1/tasks/1/data?type=chunk&number=0&quality=compressed HTTP/1.1" 200 13932
[2022-01-27 15:04:44,940] INFO django.server: "GET /api/v1/jobs/1/annotations HTTP/1.1" 200 47
[2022-01-27 15:04:44,987] INFO django.server: "GET /api/v1/jobs/1/issues HTTP/1.1" 200 2
[2022-01-27 15:04:45,033] INFO django.server: "GET /api/v1/jobs/1/reviews HTTP/1.1" 200 2
[2022-01-27 15:04:48,782] INFO django.server: "POST /api/v1/server/logs HTTP/1.1" 201 689
[2022-01-27 15:04:48,863] INFO django.server: "GET /api/v1/projects?page_size=12&page=1&without_tasks=true HTTP/1.1" 200 518
[2022-01-27 15:04:48,948] INFO django.server: "GET /api/v1/tasks/1/data?type=preview HTTP/1.1" 304 0
[2022-01-27 15:04:49,975] INFO django.server: "GET /api/v1/projects?page_size=12&id=1&page=1&without_tasks=false HTTP/1.1" 200 1282
[2022-01-27 15:04:50,693] INFO django.server: "POST /api/v1/server/logs HTTP/1.1" 201 136
[2022-01-27 15:04:50,726] INFO django.server: "GET /api/v1/tasks/1/data/meta HTTP/1.1" 200 190
[2022-01-27 15:04:50,794] INFO django.server: "GET /api/v1/tasks/1/data?type=chunk&number=0&quality=compressed HTTP/1.1" 200 13932
[2022-01-27 15:04:50,950] INFO django.server: "GET /api/v1/jobs/1/annotations HTTP/1.1" 200 47
[2022-01-27 15:04:50,987] INFO django.server: "GET /api/v1/jobs/1/issues HTTP/1.1" 200 2
[2022-01-27 15:04:51,025] INFO django.server: "GET /api/v1/jobs/1/reviews HTTP/1.1" 200 2
[2022-01-27 15:05:12,723] INFO django.server: "GET /api/v1/users/self HTTP/1.1" 200 284
[2022-01-27 15:05:12,862] INFO django.server: "GET /api/v1/users/self HTTP/1.1" 200 284
[2022-01-27 15:05:13,133] INFO django.server: "GET /api/v1/server/about HTTP/1.1" 200 447
[2022-01-27 15:05:13,147] INFO django.server: "GET /api/v1/server/plugins HTTP/1.1" 200 72
[2022-01-27 15:05:13,151] INFO django.server: "OPTIONS /api/v1/auth/password/reset HTTP/1.1" 200 400
[2022-01-27 15:05:13,176] INFO django.server: "OPTIONS /api/v1/auth/password/change HTTP/1.1" 200 672
[2022-01-27 15:05:13,213] INFO django.server: "GET /api/v1/server/annotation/formats HTTP/1.1" 200 3767
[2022-01-27 15:05:13,386] ERROR django.request: Service Unavailable: /api/v1/lambda/functions
[2022-01-27 15:05:13,387] ERROR django.server: "GET /api/v1/lambda/functions HTTP/1.1" 503 258
[2022-01-27 15:05:13,416] INFO django.server: "GET /api/v1/restrictions/user-agreements HTTP/1.1" 200 2
[2022-01-27 15:05:13,693] INFO django.server: "GET /api/v1/server/share?directory=%2F HTTP/1.1" 200 2
[2022-01-27 15:05:16,672] INFO django.server: "GET /api/v1/projects?names_only=true&page=1&page_size=10&search= HTTP/1.1" 200 75
[2022-01-27 15:05:17,558] INFO django.server: "GET /api/v1/projects?page_size=12&id=1&without_tasks=true HTTP/1.1" 200 518
[2022-01-27 15:05:36,801] INFO django.server: "POST /api/v1/tasks HTTP/1.1" 201 494
[2022-01-27 15:05:37,155] INFO django.server: "POST /api/v1/tasks/2/data HTTP/1.1" 202 380
[2022-01-27 15:05:37,202] INFO cvat.server: create task #2
[2022-01-27 15:05:37,461] INFO cvat.server: Found frames 1 for Data #2
[2022-01-27 15:05:37,463] INFO cvat.server: New segment for task #2: start_frame = 0,             stop_frame = 0
[2022-01-27 15:05:38,218] INFO django.server: "GET /api/v1/tasks/2/status HTTP/1.1" 200 33
[2022-01-27 15:05:38,331] INFO django.server: "GET /api/v1/tasks?page_size=10&?id=undefined HTTP/1.1" 200 1621
[2022-01-27 15:05:40,285] INFO django.server: "GET /api/v1/tasks?page_size=10&id=2&page=1 HTTP/1.1" 200 837
[2022-01-27 15:05:40,384] INFO django.server: "GET /api/v1/lambda/requests HTTP/1.1" 200 2
[2022-01-27 15:05:40,399] INFO django.server: "GET /api/v1/tasks/2/data?type=preview HTTP/1.1" 200 3206
[2022-01-27 15:05:40,655] INFO cvat.server.task_2: get repository request
[2022-01-27 15:05:40,684] INFO django.server: "GET /api/v1/users?limit=10&is_active=true HTTP/1.1" 200 336
[2022-01-27 15:05:40,707] INFO django.server: "GET /git/repository/get/2 HTTP/1.1" 200 94
[2022-01-27 15:05:40,791] INFO django.server: "GET /api/v1/users?limit=10&is_active=true HTTP/1.1" 200 336
[2022-01-27 15:05:40,856] INFO django.server: "GET /api/v1/users?limit=10&is_active=true HTTP/1.1" 200 336
[2022-01-27 15:05:40,885] INFO django.server: "GET /api/v1/projects?page_size=12&id=1&without_tasks=true HTTP/1.1" 200 520
[2022-01-27 15:05:47,353] INFO django.server: "GET /api/v1/projects?page_size=12&page=1&without_tasks=true HTTP/1.1" 200 520
[2022-01-27 15:05:48,111] INFO django.server: "GET /api/v1/projects?page_size=12&id=1&page=1&without_tasks=false HTTP/1.1" 200 2068
[2022-01-27 15:05:48,179] INFO django.server: "GET /api/v1/tasks/2/data?type=preview HTTP/1.1" 304 0
[2022-01-27 15:05:50,170] INFO django.server: "POST /api/v1/server/logs HTTP/1.1" 201 137
[2022-01-27 15:05:50,180] INFO django.server: "GET /api/v1/tasks/2/data/meta HTTP/1.1" 200 223
[2022-01-27 15:05:50,317] INFO django.server: "GET /api/v1/tasks/2/data?type=chunk&number=0&quality=compressed HTTP/1.1" 200 25456
[2022-01-27 15:05:50,488] INFO django.server: "GET /api/v1/jobs/2/annotations HTTP/1.1" 200 47
[2022-01-27 15:05:50,521] INFO django.server: "GET /api/v1/jobs/2/issues HTTP/1.1" 200 2
[2022-01-27 15:05:50,553] INFO django.server: "GET /api/v1/jobs/2/reviews HTTP/1.1" 200 2
[2022-01-27 15:07:12,096] INFO django.server: "GET /api/v1/users/self HTTP/1.1" 200 284
[2022-01-27 15:07:12,193] INFO django.server: "GET /api/v1/users/self HTTP/1.1" 200 284
[2022-01-27 15:07:12,327] INFO django.server: "OPTIONS /api/v1/auth/password/change HTTP/1.1" 200 672
[2022-01-27 15:07:12,470] INFO django.server: "GET /api/v1/server/annotation/formats HTTP/1.1" 200 3767
[2022-01-27 15:07:12,481] INFO django.server: "GET /api/v1/server/plugins HTTP/1.1" 200 72
[2022-01-27 15:07:12,485] INFO django.server: "GET /api/v1/server/about HTTP/1.1" 200 447
[2022-01-27 15:07:12,490] INFO django.server: "OPTIONS /api/v1/auth/password/reset HTTP/1.1" 200 400
[2022-01-27 15:07:12,560] INFO django.server: "GET /api/v1/restrictions/user-agreements HTTP/1.1" 200 2
[2022-01-27 15:07:13,291] ERROR django.request: Service Unavailable: /api/v1/lambda/functions
[2022-01-27 15:07:13,302] ERROR django.server: "GET /api/v1/lambda/functions HTTP/1.1" 503 258
[2022-01-27 15:07:13,476] INFO django.server: "POST /api/v1/server/logs HTTP/1.1" 201 132
[2022-01-27 15:07:13,603] INFO django.server: "GET /api/v1/tasks?page_size=10&id=2 HTTP/1.1" 200 837
[2022-01-27 15:07:13,665] INFO django.server: "GET /api/v1/tasks/2/data/meta HTTP/1.1" 200 223
[2022-01-27 15:07:13,765] INFO django.server: "GET /api/v1/tasks/2/data?type=chunk&number=0&quality=compressed HTTP/1.1" 200 25456
[2022-01-27 15:07:14,008] INFO django.server: "GET /api/v1/jobs/2/annotations HTTP/1.1" 200 47
[2022-01-27 15:07:14,043] INFO django.server: "GET /api/v1/jobs/2/issues HTTP/1.1" 200 2
[2022-01-27 15:07:14,093] INFO django.server: "GET /api/v1/jobs/2/reviews HTTP/1.1" 200 2
[2022-01-27 15:07:28,305] INFO django.server: "GET /api/v1/users/self HTTP/1.1" 200 284
[2022-01-27 15:07:28,366] INFO django.server: "GET /api/v1/users/self HTTP/1.1" 200 284
[2022-01-27 15:07:28,558] INFO django.server: "OPTIONS /api/v1/auth/password/change HTTP/1.1" 200 672
[2022-01-27 15:07:28,569] INFO django.server: "OPTIONS /api/v1/auth/password/reset HTTP/1.1" 200 400
[2022-01-27 15:07:28,576] INFO django.server: "GET /api/v1/server/about HTTP/1.1" 200 447
[2022-01-27 15:07:28,589] INFO django.server: "GET /api/v1/server/annotation/formats HTTP/1.1" 200 3767
[2022-01-27 15:07:28,601] INFO django.server: "GET /api/v1/server/plugins HTTP/1.1" 200 72
[2022-01-27 15:07:28,672] INFO django.server: "GET /api/v1/restrictions/user-agreements HTTP/1.1" 200 2
[2022-01-27 15:07:28,834] ERROR django.request: Service Unavailable: /api/v1/lambda/functions
[2022-01-27 15:07:28,837] ERROR django.server: "GET /api/v1/lambda/functions HTTP/1.1" 503 258
[2022-01-27 15:07:29,045] INFO django.server: "POST /api/v1/server/logs HTTP/1.1" 201 132
[2022-01-27 15:07:29,140] INFO django.server: "GET /api/v1/tasks?page_size=10&id=2 HTTP/1.1" 200 837
[2022-01-27 15:07:29,214] INFO django.server: "GET /api/v1/tasks/2/data/meta HTTP/1.1" 200 223
[2022-01-27 15:07:29,304] INFO django.server: "GET /api/v1/tasks/2/data?type=chunk&number=0&quality=compressed HTTP/1.1" 200 25456
[2022-01-27 15:07:29,458] INFO django.server: "GET /api/v1/jobs/2/annotations HTTP/1.1" 200 47
[2022-01-27 15:07:29,492] INFO django.server: "GET /api/v1/jobs/2/issues HTTP/1.1" 200 2
[2022-01-27 15:07:29,541] INFO django.server: "GET /api/v1/jobs/2/reviews HTTP/1.1" 200 2
[2022-01-27 15:09:46,746] WARNING django.request: Bad Request: /api/v1/auth/login
[2022-01-27 15:09:46,749] WARNING django.server: "POST /api/v1/auth/login HTTP/1.1" 400 68
[2022-01-27 15:09:50,722] WARNING django.request: Bad Request: /api/v1/auth/login
[2022-01-27 15:09:50,727] WARNING django.server: "POST /api/v1/auth/login HTTP/1.1" 400 68
[2022-01-27 15:10:15,895] WARNING django.request: Bad Request: /api/v1/auth/login
[2022-01-27 15:10:15,898] WARNING django.server: "POST /api/v1/auth/login HTTP/1.1" 400 68
[2022-01-27 15:10:21,382] WARNING django.request: Bad Request: /api/v1/auth/login
[2022-01-27 15:10:21,387] WARNING django.server: "POST /api/v1/auth/login HTTP/1.1" 400 68
[2022-01-27 15:10:29,025] WARNING django.request: Bad Request: /api/v1/auth/login
[2022-01-27 15:10:29,030] WARNING django.server: "POST /api/v1/auth/login HTTP/1.1" 400 68
[2022-01-27 15:10:41,498] WARNING django.request: Bad Request: /api/v1/auth/login
[2022-01-27 15:10:41,499] WARNING django.server: "POST /api/v1/auth/login HTTP/1.1" 400 68
[2022-01-27 15:10:50,731] WARNING django.request: Bad Request: /api/v1/auth/login
[2022-01-27 15:10:50,736] WARNING django.server: "POST /api/v1/auth/login HTTP/1.1" 400 68
[2022-01-27 15:10:54,324] WARNING django.request: Bad Request: /api/v1/auth/login
[2022-01-27 15:10:54,330] WARNING django.server: "POST /api/v1/auth/login HTTP/1.1" 400 68
[2022-01-27 15:11:23,953] WARNING django.request: Bad Request: /api/v1/auth/login
[2022-01-27 15:11:23,957] WARNING django.server: "POST /api/v1/auth/login HTTP/1.1" 400 68
[2022-01-27 15:15:44,956] INFO django.server: "POST /api/v1/auth/login HTTP/1.1" 200 50
[2022-01-27 15:15:45,557] INFO django.server: "GET /api/v1/users/self HTTP/1.1" 200 284
[2022-01-27 15:15:45,664] INFO django.server: "GET /api/v1/server/annotation/formats HTTP/1.1" 200 3767
[2022-01-27 15:15:45,674] INFO django.server: "GET /api/v1/server/about HTTP/1.1" 200 447
[2022-01-27 15:15:45,701] INFO django.server: "GET /api/v1/server/plugins HTTP/1.1" 200 72
[2022-01-27 15:15:45,821] ERROR django.request: Service Unavailable: /api/v1/lambda/functions
[2022-01-27 15:15:45,835] ERROR django.server: "GET /api/v1/lambda/functions HTTP/1.1" 503 258
[2022-01-27 15:15:46,185] INFO django.server: "POST /api/v1/server/logs HTTP/1.1" 201 130
[2022-01-27 15:15:46,372] INFO django.server: "GET /api/v1/tasks?page_size=10&id=2 HTTP/1.1" 200 837
[2022-01-27 15:15:46,464] INFO django.server: "GET /api/v1/tasks/2/data/meta HTTP/1.1" 200 223
[2022-01-27 15:15:46,544] INFO django.server: "GET /api/v1/tasks/2/data?type=chunk&number=0&quality=compressed HTTP/1.1" 200 25456
[2022-01-27 15:15:46,674] INFO django.server: "GET /api/v1/jobs/2/annotations HTTP/1.1" 200 47
[2022-01-27 15:15:46,706] INFO django.server: "GET /api/v1/jobs/2/issues HTTP/1.1" 200 2
[2022-01-27 15:15:46,741] INFO django.server: "GET /api/v1/jobs/2/reviews HTTP/1.1" 200 2
[2022-01-27 15:18:19,496] INFO django.server: "POST /api/v1/server/logs HTTP/1.1" 201 559
[2022-01-27 15:18:19,537] INFO django.server: "GET /api/v1/projects?page_size=12&page=1&without_tasks=true HTTP/1.1" 200 520
[2022-01-27 15:18:19,626] INFO django.server: "GET /api/v1/tasks/1/data?type=preview HTTP/1.1" 304 0
[2022-01-27 15:18:26,229] INFO django.server: "GET /api/v1/projects?page_size=12&page=1&without_tasks=true HTTP/1.1" 200 520
[2022-01-27 15:18:27,377] INFO django.server: "GET /api/v1/projects?page_size=12&id=1&page=1&without_tasks=false HTTP/1.1" 200 2068
[2022-01-27 15:18:27,461] INFO django.server: "GET /api/v1/tasks/2/data?type=preview HTTP/1.1" 304 0
[2022-01-27 15:18:36,707] INFO django.server: "POST /api/v1/auth/logout HTTP/1.1" 200 37
[2022-01-27 15:18:36,920] INFO django.server: "GET /api/v1/restrictions/user-agreements HTTP/1.1" 200 2
[2022-01-27 15:20:50,565] WARNING django.request: Unauthorized: /api/v1/users/self
[2022-01-27 15:20:50,573] WARNING django.server: "GET /api/v1/users/self HTTP/1.1" 401 58
[2022-01-27 15:20:51,081] WARNING django.request: Unauthorized: /api/v1/server/exception
[2022-01-27 15:20:51,082] WARNING django.server: "POST /api/v1/server/exception HTTP/1.1" 401 58
[2022-01-27 15:20:51,098] WARNING django.request: Unauthorized: /api/v1/server/exception
[2022-01-27 15:20:51,100] WARNING django.server: "POST /api/v1/server/exception HTTP/1.1" 401 58
[2022-01-27 15:20:51,127] WARNING django.request: Unauthorized: /api/v1/auth/password/change
[2022-01-27 15:20:51,144] WARNING django.server: "OPTIONS /api/v1/auth/password/change HTTP/1.1" 401 58
[2022-01-27 15:20:51,283] INFO django.server: "OPTIONS /api/v1/auth/password/reset HTTP/1.1" 200 400
[2022-01-27 15:20:51,305] INFO django.server: "GET /api/v1/restrictions/user-agreements HTTP/1.1" 200 2
[2022-01-27 15:20:59,713] WARNING django.request: Unauthorized: /api/v1/users/self
[2022-01-27 15:20:59,715] WARNING django.server: "GET /api/v1/users/self HTTP/1.1" 401 58
[2022-01-27 15:20:59,802] WARNING django.request: Unauthorized: /api/v1/server/exception
[2022-01-27 15:20:59,805] WARNING django.server: "POST /api/v1/server/exception HTTP/1.1" 401 58
[2022-01-27 15:20:59,817] WARNING django.request: Unauthorized: /api/v1/server/exception
[2022-01-27 15:20:59,820] WARNING django.server: "POST /api/v1/server/exception HTTP/1.1" 401 58
[2022-01-27 15:20:59,851] WARNING django.request: Unauthorized: /api/v1/auth/password/change
[2022-01-27 15:20:59,862] WARNING django.server: "OPTIONS /api/v1/auth/password/change HTTP/1.1" 401 58
[2022-01-27 15:20:59,986] INFO django.server: "OPTIONS /api/v1/auth/password/reset HTTP/1.1" 200 400
[2022-01-27 15:21:00,045] INFO django.server: "GET /api/v1/restrictions/user-agreements HTTP/1.1" 200 2
[2022-01-27 15:21:02,450] WARNING django.request: Unauthorized: /api/v1/users/self
[2022-01-27 15:21:02,451] WARNING django.server: "GET /api/v1/users/self HTTP/1.1" 401 58
[2022-01-27 15:21:02,536] WARNING django.request: Unauthorized: /api/v1/server/exception
[2022-01-27 15:21:02,540] WARNING django.server: "POST /api/v1/server/exception HTTP/1.1" 401 58
[2022-01-27 15:21:02,554] WARNING django.request: Unauthorized: /api/v1/server/exception
[2022-01-27 15:21:02,588] WARNING django.request: Unauthorized: /api/v1/auth/password/change
[2022-01-27 15:21:02,590] WARNING django.server: "POST /api/v1/server/exception HTTP/1.1" 401 58
[2022-01-27 15:21:02,592] WARNING django.server: "OPTIONS /api/v1/auth/password/change HTTP/1.1" 401 58
[2022-01-27 15:21:02,707] INFO django.server: "OPTIONS /api/v1/auth/password/reset HTTP/1.1" 200 400
[2022-01-27 15:21:02,769] INFO django.server: "GET /api/v1/restrictions/user-agreements HTTP/1.1" 200 2
[2022-01-27 15:23:16,934] WARNING django.request: Unauthorized: /api/v1/users/self
[2022-01-27 15:23:16,963] WARNING django.server: "GET /api/v1/users/self HTTP/1.1" 401 58
[2022-01-27 15:23:17,131] WARNING django.request: Unauthorized: /api/v1/auth/password/change
[2022-01-27 15:23:17,140] WARNING django.server: "OPTIONS /api/v1/auth/password/change HTTP/1.1" 401 58
[2022-01-27 15:23:17,279] INFO django.server: "OPTIONS /api/v1/auth/password/reset HTTP/1.1" 200 400
[2022-01-27 15:23:17,345] INFO django.server: "GET /api/v1/restrictions/user-agreements HTTP/1.1" 200 2
[2022-01-27 15:24:13,476] WARNING django.request: Unauthorized: /api/v1/users/self
[2022-01-27 15:24:13,479] WARNING django.server: "GET /api/v1/users/self HTTP/1.1" 401 58
[2022-01-27 15:24:13,801] WARNING django.request: Unauthorized: /api/v1/auth/password/change
[2022-01-27 15:24:13,805] WARNING django.server: "OPTIONS /api/v1/auth/password/change HTTP/1.1" 401 58
[2022-01-27 15:24:13,957] INFO django.server: "OPTIONS /api/v1/auth/password/reset HTTP/1.1" 200 400
[2022-01-27 15:24:13,966] INFO django.server: "GET /api/v1/restrictions/user-agreements HTTP/1.1" 200 2
[2022-01-27 15:24:26,934] INFO django.server: "POST /api/v1/auth/login HTTP/1.1" 200 50
[2022-01-27 15:24:27,535] INFO django.server: "GET /api/v1/users/self HTTP/1.1" 200 284
[2022-01-27 15:24:27,644] INFO django.server: "GET /api/v1/server/annotation/formats HTTP/1.1" 200 3767
[2022-01-27 15:24:27,648] INFO django.server: "GET /api/v1/server/plugins HTTP/1.1" 200 72
[2022-01-27 15:24:27,651] INFO django.server: "GET /api/v1/server/about HTTP/1.1" 200 447
[2022-01-27 15:24:27,756] ERROR django.request: Service Unavailable: /api/v1/lambda/functions
[2022-01-27 15:24:27,758] ERROR django.server: "GET /api/v1/lambda/functions HTTP/1.1" 503 258
[2022-01-27 15:24:28,271] INFO django.server: "GET /api/v1/tasks?page_size=10&page=1 HTTP/1.1" 200 1621
[2022-01-27 15:24:28,386] INFO django.server: "GET /api/v1/lambda/requests HTTP/1.1" 200 2
[2022-01-27 15:24:28,445] INFO django.server: "GET /api/v1/tasks/2/data?type=preview HTTP/1.1" 304 0
[2022-01-27 15:26:11,766] INFO django.server: "GET /api/v1/users/self HTTP/1.1" 200 284
[2022-01-27 15:26:11,872] INFO django.server: "GET /api/v1/users/self HTTP/1.1" 200 284
[2022-01-27 15:26:11,986] INFO django.server: "OPTIONS /api/v1/auth/password/reset HTTP/1.1" 200 400
[2022-01-27 15:26:12,011] INFO django.server: "OPTIONS /api/v1/auth/password/change HTTP/1.1" 200 672
[2022-01-27 15:26:12,035] INFO django.server: "GET /api/v1/server/about HTTP/1.1" 200 447
[2022-01-27 15:26:12,041] INFO django.server: "GET /api/v1/server/plugins HTTP/1.1" 200 72
[2022-01-27 15:26:12,043] INFO django.server: "GET /api/v1/server/annotation/formats HTTP/1.1" 200 3767
[2022-01-27 15:26:12,123] ERROR django.request: Service Unavailable: /api/v1/lambda/functions
[2022-01-27 15:26:12,125] ERROR django.server: "GET /api/v1/lambda/functions HTTP/1.1" 503 258
[2022-01-27 15:26:12,195] INFO django.server: "GET /api/v1/restrictions/user-agreements HTTP/1.1" 200 2
[2022-01-27 15:26:12,429] INFO django.server: "GET /api/v1/tasks?page_size=10&page=1 HTTP/1.1" 200 1621
[2022-01-27 15:26:12,486] INFO django.server: "GET /api/v1/lambda/requests HTTP/1.1" 200 2
[2022-01-27 15:27:50,024] INFO django.server: "GET /api/v1/users/self HTTP/1.1" 200 284
[2022-01-27 15:27:50,151] INFO django.server: "GET /api/v1/users/self HTTP/1.1" 200 284
[2022-01-27 15:27:50,358] INFO django.server: "OPTIONS /api/v1/auth/password/change HTTP/1.1" 200 672
[2022-01-27 15:27:50,408] INFO django.server: "OPTIONS /api/v1/auth/password/reset HTTP/1.1" 200 400
[2022-01-27 15:27:50,416] INFO django.server: "GET /api/v1/server/about HTTP/1.1" 200 447
[2022-01-27 15:27:50,427] INFO django.server: "GET /api/v1/server/plugins HTTP/1.1" 200 72
[2022-01-27 15:27:50,449] INFO django.server: "GET /api/v1/server/annotation/formats HTTP/1.1" 200 3767
[2022-01-27 15:27:50,551] ERROR django.request: Service Unavailable: /api/v1/lambda/functions
[2022-01-27 15:27:50,552] ERROR django.server: "GET /api/v1/lambda/functions HTTP/1.1" 503 258
[2022-01-27 15:27:50,691] INFO django.server: "GET /api/v1/restrictions/user-agreements HTTP/1.1" 200 2
[2022-01-27 15:28:24,536] INFO django.server: "GET /api/v1/users/self HTTP/1.1" 200 284
[2022-01-27 15:28:24,653] INFO django.server: "GET /api/v1/users/self HTTP/1.1" 200 284
[2022-01-27 15:28:24,847] INFO django.server: "OPTIONS /api/v1/auth/password/reset HTTP/1.1" 200 400
[2022-01-27 15:28:24,921] INFO django.server: "GET /api/v1/server/annotation/formats HTTP/1.1" 200 3767
[2022-01-27 15:28:24,922] INFO django.server: "GET /api/v1/server/about HTTP/1.1" 200 447
[2022-01-27 15:28:24,940] INFO django.server: "GET /api/v1/server/plugins HTTP/1.1" 200 72
[2022-01-27 15:28:24,946] INFO django.server: "OPTIONS /api/v1/auth/password/change HTTP/1.1" 200 672
[2022-01-27 15:28:25,068] ERROR django.request: Service Unavailable: /api/v1/lambda/functions
[2022-01-27 15:28:25,074] ERROR django.server: "GET /api/v1/lambda/functions HTTP/1.1" 503 258
[2022-01-27 15:28:25,125] INFO django.server: "GET /api/v1/restrictions/user-agreements HTTP/1.1" 200 2
[2022-01-27 15:28:25,360] INFO django.server: "GET /api/v1/tasks?page_size=10&page=1 HTTP/1.1" 200 1621
[2022-01-27 15:28:25,463] INFO django.server: "GET /api/v1/lambda/requests HTTP/1.1" 200 2
[2022-01-27 15:28:25,483] INFO django.server: "GET /api/v1/tasks/2/data?type=preview HTTP/1.1" 304 0
[2022-01-27 15:29:41,390] INFO django.server: "GET /api/v1/users/self HTTP/1.1" 200 284
[2022-01-27 15:29:41,573] INFO django.server: "GET /api/v1/users/self HTTP/1.1" 200 284
[2022-01-27 15:29:41,723] INFO django.server: "OPTIONS /api/v1/auth/password/change HTTP/1.1" 200 672
[2022-01-27 15:29:41,838] INFO django.server: "GET /api/v1/server/annotation/formats HTTP/1.1" 200 3767
[2022-01-27 15:29:41,847] INFO django.server: "GET /api/v1/server/about HTTP/1.1" 200 447
[2022-01-27 15:29:41,849] INFO django.server: "GET /api/v1/server/plugins HTTP/1.1" 200 72
[2022-01-27 15:29:41,866] INFO django.server: "OPTIONS /api/v1/auth/password/reset HTTP/1.1" 200 400
[2022-01-27 15:29:41,909] INFO django.server: "GET /api/v1/restrictions/user-agreements HTTP/1.1" 200 2
[2022-01-27 15:29:42,199] ERROR django.request: Service Unavailable: /api/v1/lambda/functions
[2022-01-27 15:29:42,200] ERROR django.server: "GET /api/v1/lambda/functions HTTP/1.1" 503 258
[2022-01-27 15:29:42,596] INFO django.server: "GET /api/v1/tasks?page_size=10&page=1 HTTP/1.1" 200 1621
[2022-01-27 15:29:42,647] INFO django.server: "GET /api/v1/lambda/requests HTTP/1.1" 200 2
[2022-01-27 15:32:14,551] INFO django.server: "POST /api/v1/server/logs HTTP/1.1" 201 133
[2022-01-27 15:32:14,595] INFO django.server: "GET /api/v1/tasks/2/data/meta HTTP/1.1" 200 223
[2022-01-27 15:32:14,706] INFO django.server: "GET /api/v1/tasks/2/data?type=chunk&number=0&quality=compressed HTTP/1.1" 200 25456
[2022-01-27 15:32:14,958] INFO django.server: "GET /api/v1/jobs/2/annotations HTTP/1.1" 200 47
[2022-01-27 15:32:15,004] INFO django.server: "GET /api/v1/jobs/2/issues HTTP/1.1" 200 2
[2022-01-27 15:32:15,058] INFO django.server: "GET /api/v1/jobs/2/reviews HTTP/1.1" 200 2
